 Copyright (c) 1988,1990,1992,1993,1995,1998,2003,2009,2016,
            Gaussian, Inc.  All Rights Reserved.
  
 This is part of the Gaussian(R) 16 program.  It is based on
 the Gaussian(R) 09 system (copyright 2009, Gaussian, Inc.),
 the Gaussian(R) 03 system (copyright 2003, Gaussian, Inc.),
 the Gaussian(R) 98 system (copyright 1998, Gaussian, Inc.),
 the Gaussian(R) 94 system (copyright 1995, Gaussian, Inc.),
 the Gaussian 92(TM) system (copyright 1992, Gaussian, Inc.),
 the Gaussian 90(TM) system (copyright 1990, Gaussian, Inc.),
 the Gaussian 88(TM) system (copyright 1988, Gaussian, Inc.),
 the Gaussian 86(TM) system (copyright 1986, Carnegie Mellon
 University), and the Gaussian 82(TM) system (copyright 1983,
 Carnegie Mellon University). Gaussian is a federally registered
 trademark of Gaussian, Inc.
  
 This software contains proprietary and confidential information,
 including trade secrets, belonging to Gaussian, Inc.
  
 This software is provided under written license and may be
 used, copied, transmitted, or stored only in accord with that
 written license.
  
 The following legend is applicable only to US Government
 contracts under FAR:
  
                    RESTRICTED RIGHTS LEGEND
  
 Use, reproduction and disclosure by the US Government is
 subject to restrictions as set forth in subparagraphs (a)
 and (c) of the Commercial Computer Software - Restricted
 Rights clause in FAR 52.227-19.
  
 Gaussian, Inc.
 340 Quinnipiac St., Bldg. 40, Wallingford CT 06492
  
  
 ---------------------------------------------------------------
 Warning -- This program may not be used in any manner that
 competes with the business of Gaussian, Inc. or will provide
 assistance to any competitor of Gaussian, Inc.  The licensee
 of this program is prohibited from giving any competitor of
 Gaussian, Inc. access to this program.  By using this program,
 the user acknowledges that Gaussian, Inc. is engaged in the
 business of creating and licensing software in the field of
 computational chemistry and represents and warrants to the
 licensee that it is not a competitor of Gaussian, Inc. and that
 it will not use this program in any manner prohibited above.
 ---------------------------------------------------------------
  

 Cite this work as:
 Gaussian 16, Revision A.03,
 M. J. Frisch, G. W. Trucks, H. B. Schlegel, G. E. Scuseria, 
 M. A. Robb, J. R. Cheeseman, G. Scalmani, V. Barone, 
 G. A. Petersson, H. Nakatsuji, X. Li, M. Caricato, A. V. Marenich, 
 J. Bloino, B. G. Janesko, R. Gomperts, B. Mennucci, H. P. Hratchian, 
 J. V. Ortiz, A. F. Izmaylov, J. L. Sonnenberg, D. Williams-Young, 
 F. Ding, F. Lipparini, F. Egidi, J. Goings, B. Peng, A. Petrone, 
 T. Henderson, D. Ranasinghe, V. G. Zakrzewski, J. Gao, N. Rega, 
 G. Zheng, W. Liang, M. Hada, M. Ehara, K. Toyota, R. Fukuda, 
 J. Hasegawa, M. Ishida, T. Nakajima, Y. Honda, O. Kitao, H. Nakai, 
 T. Vreven, K. Throssell, J. A. Montgomery, Jr., J. E. Peralta, 
 F. Ogliaro, M. J. Bearpark, J. J. Heyd, E. N. Brothers, K. N. Kudin, 
 V. N. Staroverov, T. A. Keith, R. Kobayashi, J. Normand, 
 K. Raghavachari, A. P. Rendell, J. C. Burant, S. S. Iyengar, 
 J. Tomasi, M. Cossi, J. M. Millam, M. Klene, C. Adamo, R. Cammi, 
 J. W. Ochterski, R. L. Martin, K. Morokuma, O. Farkas, 
 J. B. Foresman, and D. J. Fox, Gaussian, Inc., Wallingford CT, 2016.
 
 Excitation energies and oscillator strengths:
 
 Excited State   1:      Singlet-T2    11.1388 eV  111.31 nm  f=0.1610  <S**2>=0.000
       3 ->  9        -0.12605
       4 ->  6         0.62859
       4 -> 13        -0.24169
       5 ->  7        -0.12605
 This state for optimization and/or second-order correction.
 Total Energy, E(TD-HF/TD-DFT) =  -39.7718778029    
 Copying the excited state density for this state as the 1-particle RhoCI density.
 
 Excited State   2:      Singlet-T2    11.1388 eV  111.31 nm  f=0.1610  <S**2>=0.000
       3 ->  8        -0.12629
       4 ->  7        -0.12629
       5 ->  6         0.62981
       5 -> 13        -0.24216
 
 Excited State   3:      Singlet-T2    11.1388 eV  111.31 nm  f=0.1610  <S**2>=0.000
       3 ->  6         0.62849
       3 -> 13        -0.24165
       4 ->  9        -0.12603
       5 ->  8        -0.12603
 
 Excited State   4:      Singlet-T2    12.5713 eV   98.62 nm  f=0.0228  <S**2>=0.000
       3 ->  8         0.45607
       3 -> 11         0.10588
       4 ->  7         0.45607
       4 -> 10         0.10588
       5 ->  6         0.18905
 
 Excited State   5:      Singlet-T2    12.5713 eV   98.62 nm  f=0.0228  <S**2>=0.000
       3 ->  9         0.45604
       3 -> 12         0.10587
       4 ->  6         0.18903
       5 ->  7         0.45604
       5 -> 10         0.10587
 
 Excited State   6:      Singlet-T2    12.5713 eV   98.62 nm  f=0.0228  <S**2>=0.000
       3 ->  6         0.18904
       4 ->  9         0.45604
       4 -> 12         0.10587
       5 ->  8         0.45604
       5 -> 11         0.10587
 
 Excited State   7:      Singlet-T2    12.7559 eV   97.20 nm  f=0.0000  <S**2>=0.000
       3 ->  7         0.48022
       3 -> 10         0.19168
       4 ->  8        -0.42632
       4 -> 11        -0.17016
 
 Excited State   8:      Singlet-T2    12.7559 eV   97.20 nm  f=0.0000  <S**2>=0.000
       3 ->  7        -0.21501
       4 ->  8        -0.30837
       4 -> 11        -0.12309
       5 ->  9         0.52339
       5 -> 12         0.20891
       5 -> 16        -0.10533
 
 Excited State   9:      Singlet-T2    12.7681 eV   97.10 nm  f=0.0000  <S**2>=0.000
       3 ->  9        -0.46116
       3 -> 12        -0.15140
       3 -> 16         0.11215
       5 ->  7         0.46116
       5 -> 10         0.15140
       5 -> 14        -0.11215
 
 Excited State  10:      Singlet-T2    12.7681 eV   97.10 nm  f=0.0000  <S**2>=0.000
       3 ->  8         0.46200
       3 -> 11         0.15168
       3 -> 15        -0.11236
       4 ->  7        -0.46200
       4 -> 10        -0.15168
       4 -> 14         0.11236
