 Copyright (c) 1988,1990,1992,1993,1995,1998,2003,2009,2016,
            Gaussian, Inc.  All Rights Reserved.
  
 This is part of the Gaussian(R) 16 program.  It is based on
 the Gaussian(R) 09 system (copyright 2009, Gaussian, Inc.),
 the Gaussian(R) 03 system (copyright 2003, Gaussian, Inc.),
 the Gaussian(R) 98 system (copyright 1998, Gaussian, Inc.),
 the Gaussian(R) 94 system (copyright 1995, Gaussian, Inc.),
 the Gaussian 92(TM) system (copyright 1992, Gaussian, Inc.),
 the Gaussian 90(TM) system (copyright 1990, Gaussian, Inc.),
 the Gaussian 88(TM) system (copyright 1988, Gaussian, Inc.),
 the Gaussian 86(TM) system (copyright 1986, Carnegie Mellon
 University), and the Gaussian 82(TM) system (copyright 1983,
 Carnegie Mellon University). Gaussian is a federally registered
 trademark of Gaussian, Inc.
  
 This software contains proprietary and confidential information,
 including trade secrets, belonging to Gaussian, Inc.
  
 This software is provided under written license and may be
 used, copied, transmitted, or stored only in accord with that
 written license.
  
 The following legend is applicable only to US Government
 contracts under FAR:
  
                    RESTRICTED RIGHTS LEGEND
  
 Use, reproduction and disclosure by the US Government is
 subject to restrictions as set forth in subparagraphs (a)
 and (c) of the Commercial Computer Software - Restricted
 Rights clause in FAR 52.227-19.
  
 Gaussian, Inc.
 340 Quinnipiac St., Bldg. 40, Wallingford CT 06492
  
  
 ---------------------------------------------------------------
 Warning -- This program may not be used in any manner that
 competes with the business of Gaussian, Inc. or will provide
 assistance to any competitor of Gaussian, Inc.  The licensee
 of this program is prohibited from giving any competitor of
 Gaussian, Inc. access to this program.  By using this program,
 the user acknowledges that Gaussian, Inc. is engaged in the
 business of creating and licensing software in the field of
 computational chemistry and represents and warrants to the
 licensee that it is not a competitor of Gaussian, Inc. and that
 it will not use this program in any manner prohibited above.
 ---------------------------------------------------------------
  

 Cite this work as:
 Gaussian 16, Revision A.03,
 M. J. Frisch, G. W. Trucks, H. B. Schlegel, G. E. Scuseria, 
 M. A. Robb, J. R. Cheeseman, G. Scalmani, V. Barone, 
 G. A. Petersson, H. Nakatsuji, X. Li, M. Caricato, A. V. Marenich, 
 J. Bloino, B. G. Janesko, R. Gomperts, B. Mennucci, H. P. Hratchian, 
 J. V. Ortiz, A. F. Izmaylov, J. L. Sonnenberg, D. Williams-Young, 
 F. Ding, F. Lipparini, F. Egidi, J. Goings, B. Peng, A. Petrone, 
 T. Henderson, D. Ranasinghe, V. G. Zakrzewski, J. Gao, N. Rega, 
 G. Zheng, W. Liang, M. Hada, M. Ehara, K. Toyota, R. Fukuda, 
 J. Hasegawa, M. Ishida, T. Nakajima, Y. Honda, O. Kitao, H. Nakai, 
 T. Vreven, K. Throssell, J. A. Montgomery, Jr., J. E. Peralta, 
 F. Ogliaro, M. J. Bearpark, J. J. Heyd, E. N. Brothers, K. N. Kudin, 
 V. N. Staroverov, T. A. Keith, R. Kobayashi, J. Normand, 
 K. Raghavachari, A. P. Rendell, J. C. Burant, S. S. Iyengar, 
 J. Tomasi, M. Cossi, J. M. Millam, M. Klene, C. Adamo, R. Cammi, 
 J. W. Ochterski, R. L. Martin, K. Morokuma, O. Farkas, 
 J. B. Foresman, and D. J. Fox, Gaussian, Inc., Wallingford CT, 2016.
 
 Excitation energies and oscillator strengths:
 
 Excited State   1:      Singlet-A    1549.9820 eV    0.80 nm  f=0.0003  <S**2>=0.000
       1 -> 495        0.13000
       1 -> 499       -0.18716
       1 -> 500       -0.10852
       1 -> 502        0.10310
       1 -> 503       -0.20024
       1 -> 504        0.10527
       1 -> 505       -0.15015
       1 -> 506       -0.15901
       1 -> 507        0.23130
       1 -> 512       -0.10048
       1 -> 514        0.21657
       1 -> 516       -0.12505
       1 -> 525       -0.10705
       1 -> 530       -0.10833
       1 -> 531       -0.15910
       1 -> 546        0.12157
 This state for optimization and/or second-order correction.
 Total Energy, E(TD-HF/TD-DFT) =  -6256.64927052    
 Copying the excited state density for this state as the 1-particle RhoCI density.
 
 Excited State   2:      Singlet-A    1550.0011 eV    0.80 nm  f=0.0002  <S**2>=0.000
       1 -> 492       -0.16704
       1 -> 497       -0.10692
       1 -> 500        0.28724
       1 -> 502        0.36980
       1 -> 503        0.18194
       1 -> 504       -0.10072
       1 -> 505       -0.14090
       1 -> 522        0.13033
       1 -> 523        0.10582
       1 -> 529        0.14383
       1 -> 535        0.10715
       1 -> 537       -0.11711
 
 Excited State   3:      Singlet-A    1550.0461 eV    0.80 nm  f=0.0000  <S**2>=0.000
       1 -> 496        0.69075
       1 -> 497       -0.14446
 
 Excited State   4:      Singlet-A    1550.0858 eV    0.80 nm  f=0.0000  <S**2>=0.000
       1 -> 497        0.15871
       1 -> 498        0.65645
       1 -> 499       -0.18000
 
 Excited State   5:      Singlet-A    1550.1083 eV    0.80 nm  f=0.0001  <S**2>=0.000
       1 -> 497       -0.16249
       1 -> 498        0.13059
       1 -> 502        0.13388
       1 -> 504        0.14036
       1 -> 505        0.23249
       1 -> 506        0.20032
       1 -> 507        0.12119
       1 -> 508        0.24458
       1 -> 509       -0.16285
       1 -> 512       -0.22240
       1 -> 514        0.10278
       1 -> 515       -0.11799
       1 -> 516        0.21717
 
 Excited State   6:      Singlet-A    1550.1673 eV    0.80 nm  f=0.0001  <S**2>=0.000
       1 -> 500        0.27292
       1 -> 502        0.33325
       1 -> 504        0.14376
       1 -> 507        0.11240
       1 -> 508        0.14391
       1 -> 512        0.22689
       1 -> 522       -0.20999
       1 -> 523       -0.11644
       1 -> 529       -0.14194
       1 -> 537        0.16649
 
 Excited State   7:      Singlet-A    1550.2415 eV    0.80 nm  f=0.0000  <S**2>=0.000
       1 -> 501        0.70419
 
 Excited State   8:      Singlet-A    1550.2771 eV    0.80 nm  f=0.0000  <S**2>=0.000
       1 -> 503        0.26881
       1 -> 505        0.39532
       1 -> 506       -0.18569
       1 -> 507        0.21306
       1 -> 516       -0.20225
       1 -> 519        0.11546
       1 -> 529        0.10181
       1 -> 548       -0.14443
 
 Excited State   9:      Singlet-A    1550.3602 eV    0.80 nm  f=0.0005  <S**2>=0.000
       1 -> 484       -0.10726
       1 -> 500        0.10575
       1 -> 505       -0.15303
       1 -> 506       -0.16657
       1 -> 508        0.16547
       1 -> 514        0.12663
       1 -> 516        0.18034
       1 -> 518        0.28299
       1 -> 529        0.17600
       1 -> 530        0.13725
       1 -> 540        0.14570
       1 -> 543       -0.11868
       1 -> 548       -0.13519
       1 -> 550        0.11077
 
 Excited State  10:      Singlet-A    1550.4393 eV    0.80 nm  f=0.0001  <S**2>=0.000
       1 -> 503       -0.22851
       1 -> 506        0.33175
       1 -> 507        0.32817
       1 -> 508       -0.25015
       1 -> 511        0.12162
       1 -> 514       -0.17175
       1 -> 519        0.10234
       1 -> 525        0.12760
 
 Excited State  11:      Singlet-A    1550.5301 eV    0.80 nm  f=0.0002  <S**2>=0.000
       1 -> 503        0.13605
       1 -> 507        0.15627
       1 -> 508       -0.15587
       1 -> 510       -0.16510
       1 -> 512        0.32109
       1 -> 516        0.11030
       1 -> 517        0.10605
       1 -> 519       -0.24955
       1 -> 522        0.15474
       1 -> 524       -0.10773
       1 -> 525       -0.13216
       1 -> 528       -0.14318
       1 -> 530        0.11074
 
 Excited State  12:      Singlet-A    1550.5545 eV    0.80 nm  f=0.0004  <S**2>=0.000
       1 -> 505        0.10588
       1 -> 508       -0.25656
       1 -> 509        0.11518
       1 -> 514        0.29594
       1 -> 515       -0.11896
       1 -> 516        0.18086
       1 -> 518        0.13892
       1 -> 522       -0.16002
       1 -> 530       -0.11109
       1 -> 535        0.10428
       1 -> 548        0.15969
       1 -> 557       -0.12253
       1 -> 559        0.11256
 
 Excited State  13:      Singlet-A    1550.6553 eV    0.80 nm  f=0.0000  <S**2>=0.000
       1 -> 510        0.64127
       1 -> 511        0.10508
       1 -> 514        0.13804
 
 Excited State  14:      Singlet-A    1550.6814 eV    0.80 nm  f=0.0002  <S**2>=0.000
       1 -> 508        0.10216
       1 -> 512        0.21650
       1 -> 515        0.27324
       1 -> 517        0.34726
       1 -> 519       -0.13706
       1 -> 524        0.13185
       1 -> 525        0.22868
       1 -> 548        0.10819
 
 Excited State  15:      Singlet-A    1550.7709 eV    0.80 nm  f=0.0000  <S**2>=0.000
       1 -> 508        0.30795
       1 -> 509        0.61677
 
 Excited State  16:      Singlet-A    1550.7840 eV    0.80 nm  f=0.0001  <S**2>=0.000
       1 -> 506       -0.11673
       1 -> 507       -0.10185
       1 -> 509       -0.13078
       1 -> 511        0.13666
       1 -> 515       -0.15318
       1 -> 517        0.11313
       1 -> 518       -0.27804
       1 -> 519        0.32596
       1 -> 522       -0.11280
       1 -> 524       -0.15164
       1 -> 525        0.10811
       1 -> 529        0.12812
       1 -> 532       -0.11340
       1 -> 544       -0.11689
       1 -> 545       -0.15362
 
 Excited State  17:      Singlet-A    1550.8641 eV    0.80 nm  f=0.0000  <S**2>=0.000
       1 -> 508        0.13178
       1 -> 511        0.65338
 
 Excited State  18:      Singlet-A    1550.9553 eV    0.80 nm  f=0.0002  <S**2>=0.000
       1 -> 515        0.22070
       1 -> 517        0.11086
       1 -> 518       -0.19860
       1 -> 520        0.23364
       1 -> 525       -0.14092
       1 -> 528       -0.20522
       1 -> 529       -0.13932
       1 -> 530        0.20383
       1 -> 532        0.20532
       1 -> 544        0.12934
       1 -> 549        0.15742
 
 Excited State  19:      Singlet-A    1550.9950 eV    0.80 nm  f=0.0000  <S**2>=0.000
       1 -> 515        0.30306
       1 -> 516        0.13258
       1 -> 522       -0.16170
       1 -> 525       -0.24699
       1 -> 526       -0.10623
       1 -> 528        0.23225
       1 -> 529        0.14984
       1 -> 548       -0.17140
       1 -> 550       -0.17199
       1 -> 551       -0.19982
 
 Excited State  20:      Singlet-A    1551.0409 eV    0.80 nm  f=0.0000  <S**2>=0.000
       1 -> 514       -0.12936
       1 -> 515       -0.27102
       1 -> 516       -0.29401
       1 -> 517        0.33448
       1 -> 518        0.13313
       1 -> 520        0.13414
       1 -> 525       -0.23400
       1 -> 527       -0.12476
       1 -> 528        0.14875
       1 -> 530        0.13044
 
 Excited State  21:      Singlet-A    1551.0680 eV    0.80 nm  f=0.0000  <S**2>=0.000
       1 -> 513        0.69161
 
 Excited State  22:      Singlet-A    1551.1257 eV    0.80 nm  f=0.0001  <S**2>=0.000
       1 -> 515       -0.21597
       1 -> 517       -0.11292
       1 -> 520        0.29692
       1 -> 522        0.12533
       1 -> 523        0.10851
       1 -> 525        0.14710
       1 -> 526       -0.25219
       1 -> 530       -0.20292
       1 -> 531       -0.20075
       1 -> 537       -0.11091
       1 -> 550       -0.12560
       1 -> 552        0.10999
 
 Excited State  23:      Singlet-A    1551.1435 eV    0.80 nm  f=0.0001  <S**2>=0.000
       1 -> 515        0.11236
       1 -> 520        0.34622
       1 -> 522        0.33145
       1 -> 524       -0.13853
       1 -> 526        0.25129
       1 -> 528        0.19195
       1 -> 535       -0.14757
       1 -> 540       -0.12541
       1 -> 543        0.11207
 
 Excited State  24:      Singlet-A    1551.2349 eV    0.80 nm  f=0.0001  <S**2>=0.000
       1 -> 518       -0.13740
       1 -> 519       -0.18871
       1 -> 522       -0.29233
       1 -> 523        0.34311
       1 -> 525        0.19888
       1 -> 526        0.26123
       1 -> 532        0.15629
       1 -> 557        0.15475
 
 Excited State  25:      Singlet-A    1551.2809 eV    0.80 nm  f=0.0002  <S**2>=0.000
       1 -> 523        0.48133
       1 -> 531        0.11109
       1 -> 532       -0.19039
       1 -> 535       -0.19925
       1 -> 537        0.10396
       1 -> 557       -0.21874
 
 Excited State  26:      Singlet-A    1551.3016 eV    0.80 nm  f=0.0000  <S**2>=0.000
       1 -> 514        0.11628
       1 -> 515       -0.10631
       1 -> 518       -0.21202
       1 -> 519        0.12112
       1 -> 520       -0.24856
       1 -> 521       -0.13313
       1 -> 522        0.10709
       1 -> 524        0.31807
       1 -> 527       -0.15179
       1 -> 528        0.21845
       1 -> 530        0.19618
       1 -> 535       -0.15914
       1 -> 544        0.13482
 
 Excited State  27:      Singlet-A    1551.3636 eV    0.80 nm  f=0.0001  <S**2>=0.000
       1 -> 518       -0.10697
       1 -> 520        0.14337
       1 -> 521       -0.11414
       1 -> 522        0.15210
       1 -> 524        0.22365
       1 -> 527       -0.12515
       1 -> 528        0.15280
       1 -> 529       -0.21662
       1 -> 531        0.23647
       1 -> 535        0.30324
       1 -> 543       -0.16248
       1 -> 544       -0.15869
       1 -> 550        0.13772
 
 Excited State  28:      Singlet-A    1551.4208 eV    0.80 nm  f=0.0000  <S**2>=0.000
       1 -> 521        0.67498
       1 -> 524        0.14344
 
 Excited State  29:      Singlet-A    1551.4676 eV    0.80 nm  f=0.0000  <S**2>=0.000
       1 -> 524        0.10568
       1 -> 526       -0.18816
       1 -> 527        0.53207
       1 -> 528        0.18712
       1 -> 529        0.10195
       1 -> 531        0.11083
       1 -> 532        0.15161
       1 -> 549       -0.11132
 
 Excited State  30:      Singlet-A    1551.5027 eV    0.80 nm  f=0.0001  <S**2>=0.000
       1 -> 523        0.11958
       1 -> 524        0.33531
       1 -> 525       -0.10068
       1 -> 527       -0.11792
       1 -> 528       -0.31665
       1 -> 529        0.13667
       1 -> 531       -0.17093
       1 -> 539       -0.17637
       1 -> 540       -0.17165
       1 -> 544       -0.15129
       1 -> 549       -0.13762
 
 Excited State  31:      Singlet-A    1551.5880 eV    0.80 nm  f=0.0002  <S**2>=0.000
       1 -> 520       -0.12827
       1 -> 524       -0.17134
       1 -> 528        0.12253
       1 -> 531       -0.19708
       1 -> 532        0.29908
       1 -> 536       -0.14847
       1 -> 537        0.15950
       1 -> 540       -0.10613
       1 -> 544       -0.19296
       1 -> 546       -0.12435
       1 -> 559        0.12963
       1 -> 561       -0.10515
       1 -> 563       -0.15753
 
 Excited State  32:      Singlet-A    1551.6204 eV    0.80 nm  f=0.0000  <S**2>=0.000
       1 -> 524        0.12456
       1 -> 525       -0.18618
       1 -> 526        0.40477
       1 -> 527        0.26180
       1 -> 529       -0.11682
       1 -> 530       -0.16250
       1 -> 531       -0.14480
       1 -> 540        0.15808
       1 -> 550       -0.10839
       1 -> 551       -0.10999
 
 Excited State  33:      Singlet-A    1551.6637 eV    0.80 nm  f=0.0002  <S**2>=0.000
       1 -> 528        0.11286
       1 -> 529       -0.12604
       1 -> 530        0.22810
       1 -> 531       -0.15334
       1 -> 535        0.18928
       1 -> 536        0.23824
       1 -> 537        0.10400
       1 -> 542       -0.13232
       1 -> 543       -0.13895
       1 -> 545       -0.17686
       1 -> 550       -0.22278
       1 -> 551       -0.14182
       1 -> 552       -0.14170
       1 -> 553        0.10846
       1 -> 554        0.13126
       1 -> 556        0.10522
 
 Excited State  34:      Singlet-A    1551.6863 eV    0.80 nm  f=0.0001  <S**2>=0.000
       1 -> 522        0.11105
       1 -> 529        0.18212
       1 -> 531        0.11812
       1 -> 535        0.22180
       1 -> 536       -0.13550
       1 -> 537        0.38054
       1 -> 539        0.25810
       1 -> 543        0.17657
       1 -> 544        0.14290
       1 -> 550       -0.10684
 
 Excited State  35:      Singlet-A    1551.8154 eV    0.80 nm  f=0.0001  <S**2>=0.000
       1 -> 527       -0.17489
       1 -> 530       -0.23804
       1 -> 531        0.22348
       1 -> 532        0.35783
       1 -> 535       -0.12124
       1 -> 536       -0.13179
       1 -> 540        0.11970
       1 -> 542       -0.22404
       1 -> 545       -0.15259
       1 -> 546       -0.11580
       1 -> 554        0.10562
       1 -> 564        0.10874
 
 Excited State  36:      Singlet-A    1551.8787 eV    0.80 nm  f=0.0001  <S**2>=0.000
       1 -> 528       -0.11719
       1 -> 530        0.15613
       1 -> 531        0.13748
       1 -> 532        0.12059
       1 -> 535        0.11805
       1 -> 536       -0.15446
       1 -> 538       -0.13467
       1 -> 539       -0.14895
       1 -> 540        0.19633
       1 -> 545        0.34495
       1 -> 546        0.24277
       1 -> 548       -0.11309
       1 -> 549       -0.12414
       1 -> 550       -0.13019
 
 Excited State  37:      Singlet-A    1551.9893 eV    0.80 nm  f=0.0001  <S**2>=0.000
       1 -> 532        0.16851
       1 -> 536        0.21375
       1 -> 537       -0.20010
       1 -> 538        0.14731
       1 -> 539        0.28685
       1 -> 542        0.16923
       1 -> 543        0.18409
       1 -> 546        0.16426
       1 -> 550       -0.12458
       1 -> 555       -0.10256
       1 -> 556        0.10549
       1 -> 557       -0.20939
       1 -> 562       -0.10685
 
 Excited State  38:      Singlet-A    1552.0844 eV    0.80 nm  f=0.0000  <S**2>=0.000
       1 -> 529        0.11865
       1 -> 531        0.16761
       1 -> 535       -0.17968
       1 -> 536        0.42543
       1 -> 537        0.24629
       1 -> 540        0.15992
       1 -> 543       -0.11860
       1 -> 544       -0.17253
       1 -> 547       -0.11388
       1 -> 552        0.13511
       1 -> 564       -0.13971
 
 Excited State  39:      Singlet-A    1552.1257 eV    0.80 nm  f=0.0001  <S**2>=0.000
       1 -> 529       -0.10492
       1 -> 535        0.11925
       1 -> 537        0.14122
       1 -> 539       -0.11295
       1 -> 540       -0.10596
       1 -> 542       -0.20033
       1 -> 543        0.26277
       1 -> 544       -0.24050
       1 -> 549        0.30583
       1 -> 558       -0.10346
       1 -> 559       -0.20676
       1 -> 561        0.13136
       1 -> 563        0.12447
 
 Excited State  40:      Singlet-A    1552.1784 eV    0.80 nm  f=0.0000  <S**2>=0.000
       1 -> 533        0.70207
 
 Excited State  41:      Singlet-A    1552.1995 eV    0.80 nm  f=0.0002  <S**2>=0.000
       1 -> 531        0.12241
       1 -> 537        0.12294
       1 -> 539       -0.18975
       1 -> 540       -0.25283
       1 -> 541       -0.11509
       1 -> 542        0.13767
       1 -> 543       -0.18634
       1 -> 544        0.28910
       1 -> 548       -0.14317
       1 -> 549        0.13298
       1 -> 558       -0.13226
       1 -> 562       -0.23408
 
 Excited State  42:      Singlet-A    1552.2243 eV    0.80 nm  f=0.0000  <S**2>=0.000
       1 -> 534        0.68657
 
 Excited State  43:      Singlet-A    1552.4111 eV    0.80 nm  f=0.0000  <S**2>=0.000
       1 -> 535       -0.12365
       1 -> 538        0.50386
       1 -> 539       -0.25797
       1 -> 546        0.19607
       1 -> 554        0.11381
       1 -> 558        0.14264
       1 -> 562        0.13934
 
 Excited State  44:      Singlet-A    1552.4327 eV    0.80 nm  f=0.0001  <S**2>=0.000
       1 -> 538       -0.23688
       1 -> 541       -0.14040
       1 -> 542        0.27380
       1 -> 543       -0.13974
       1 -> 546        0.20580
       1 -> 547       -0.14219
       1 -> 549        0.27188
       1 -> 551       -0.18606
       1 -> 553        0.13065
       1 -> 555        0.10244
       1 -> 557        0.10301
       1 -> 562        0.14551
       1 -> 564       -0.11170
 
 Excited State  45:      Singlet-A    1552.4843 eV    0.80 nm  f=0.0000  <S**2>=0.000
       1 -> 537        0.11413
       1 -> 538       -0.13824
       1 -> 539       -0.20648
       1 -> 541        0.54446
       1 -> 542        0.30087
 
 Excited State  46:      Singlet-A    1552.5114 eV    0.80 nm  f=0.0001  <S**2>=0.000
       1 -> 538        0.12422
       1 -> 542        0.15206
       1 -> 544       -0.21976
       1 -> 545        0.27898
       1 -> 546       -0.27105
       1 -> 547        0.26469
       1 -> 548        0.13713
       1 -> 549        0.28081
       1 -> 550       -0.13930
       1 -> 552       -0.10315
 
 Excited State  47:      Singlet-A    1552.5478 eV    0.80 nm  f=0.0003  <S**2>=0.000
       1 -> 538       -0.12137
       1 -> 541       -0.18361
       1 -> 548       -0.12294
       1 -> 550       -0.24389
       1 -> 551        0.35662
       1 -> 553       -0.13687
       1 -> 555        0.10130
       1 -> 556       -0.21978
       1 -> 558        0.21508
       1 -> 563        0.15375
 
 Excited State  48:      Singlet-A    1552.6242 eV    0.80 nm  f=0.0000  <S**2>=0.000
       1 -> 539       -0.16349
       1 -> 540        0.34875
       1 -> 541       -0.28630
       1 -> 542        0.29005
       1 -> 543        0.25205
       1 -> 546       -0.12454
       1 -> 548        0.13811
       1 -> 551       -0.14038
       1 -> 557       -0.12063
 
 Excited State  49:      Singlet-A    1552.6432 eV    0.80 nm  f=0.0003  <S**2>=0.000
       1 -> 539       -0.17189
       1 -> 540        0.14033
       1 -> 543        0.25219
       1 -> 545       -0.15465
       1 -> 548       -0.21744
       1 -> 549        0.12822
       1 -> 551        0.20102
       1 -> 552       -0.11048
       1 -> 555        0.11648
       1 -> 556        0.15157
       1 -> 557        0.23575
       1 -> 559        0.17519
       1 -> 561       -0.12401
       1 -> 563       -0.10456
       1 -> 565        0.11451
       1 -> 572       -0.13137
 
 Excited State  50:      Singlet-A    1552.7096 eV    0.80 nm  f=0.0000  <S**2>=0.000
       1 -> 544       -0.12676
       1 -> 545       -0.24863
       1 -> 546        0.28775
       1 -> 547        0.54342
 
 Excited State  51:      Singlet-A    1552.7464 eV    0.80 nm  f=0.0006  <S**2>=0.000
       1 -> 540       -0.10011
       1 -> 548        0.15807
       1 -> 550        0.15786
       1 -> 551       -0.13125
       1 -> 552        0.18655
       1 -> 553       -0.12387
       1 -> 554        0.27868
       1 -> 555        0.18244
       1 -> 558        0.15655
       1 -> 559        0.10965
       1 -> 562       -0.22280
       1 -> 564        0.19344
       1 -> 569       -0.15224
       1 -> 573       -0.16962
 
 Excited State  52:      Singlet-A    1552.8517 eV    0.80 nm  f=0.0001  <S**2>=0.000
       1 -> 548       -0.13455
       1 -> 550        0.28516
       1 -> 551       -0.11551
       1 -> 552       -0.19585
       1 -> 553        0.24352
       1 -> 554       -0.10780
       1 -> 556       -0.25900
       1 -> 558        0.19096
       1 -> 562       -0.21811
       1 -> 563        0.23909
       1 -> 564       -0.10093
 
 Excited State  53:      Singlet-A    1553.0099 eV    0.80 nm  f=0.0005  <S**2>=0.000
       1 -> 545       -0.11094
       1 -> 550        0.12670
       1 -> 555       -0.22534
       1 -> 557       -0.20927
       1 -> 558        0.12552
       1 -> 563        0.15445
       1 -> 564       -0.24072
       1 -> 565        0.37409
       1 -> 568       -0.11504
       1 -> 572       -0.18628
       1 -> 573       -0.11261
 
 Excited State  54:      Singlet-A    1553.1147 eV    0.80 nm  f=0.0003  <S**2>=0.000
       1 -> 548       -0.12016
       1 -> 550        0.11985
       1 -> 552        0.14404
       1 -> 553       -0.13150
       1 -> 555        0.38866
       1 -> 556        0.14711
       1 -> 557       -0.14224
       1 -> 563        0.22747
       1 -> 564       -0.27925
       1 -> 565       -0.12940
       1 -> 566        0.11201
 
 Excited State  55:      Singlet-A    1553.2058 eV    0.80 nm  f=0.0003  <S**2>=0.000
       1 -> 551        0.13517
       1 -> 554        0.43009
       1 -> 555       -0.33952
       1 -> 557        0.11485
       1 -> 564       -0.15472
       1 -> 565       -0.20969
       1 -> 566        0.11724
       1 -> 573        0.13518
 
 Excited State  56:      Singlet-A    1553.2820 eV    0.80 nm  f=0.0000  <S**2>=0.000
       1 -> 551        0.20016
       1 -> 552        0.43587
       1 -> 553        0.50019
 
 Excited State  57:      Singlet-A    1553.3853 eV    0.80 nm  f=0.0006  <S**2>=0.000
       1 -> 549        0.12456
       1 -> 552        0.13186
       1 -> 553       -0.13063
       1 -> 554       -0.16546
       1 -> 557        0.11891
       1 -> 558        0.25928
       1 -> 562        0.17385
       1 -> 564        0.15017
       1 -> 565       -0.15807
       1 -> 566        0.30636
       1 -> 567        0.11860
       1 -> 568       -0.19478
       1 -> 571       -0.16289
       1 -> 572       -0.16409
 
 Excited State  58:      Singlet-A    1553.4473 eV    0.80 nm  f=0.0001  <S**2>=0.000
       1 -> 554       -0.14894
       1 -> 556        0.40552
       1 -> 557        0.10663
       1 -> 558        0.25789
       1 -> 559        0.15146
       1 -> 563        0.19907
       1 -> 566       -0.31266
       1 -> 568        0.15958
 
 Excited State  59:      Singlet-A    1553.6192 eV    0.80 nm  f=0.0003  <S**2>=0.000
       1 -> 556       -0.22798
       1 -> 557       -0.10828
       1 -> 558       -0.27528
       1 -> 559        0.29948
       1 -> 562        0.16399
       1 -> 563        0.17386
       1 -> 565       -0.16838
       1 -> 566       -0.22114
       1 -> 570       -0.12342
       1 -> 571       -0.23347
       1 -> 573       -0.11899
 
 Excited State  60:      Singlet-A    1553.8384 eV    0.80 nm  f=0.0005  <S**2>=0.000
       1 -> 559        0.30437
       1 -> 563        0.12930
       1 -> 564        0.17543
       1 -> 565        0.17722
       1 -> 568        0.11080
       1 -> 569        0.22864
       1 -> 571        0.36830
       1 -> 572       -0.16342
       1 -> 573        0.21661
 
 Excited State  61:      Singlet-A    1553.9237 eV    0.80 nm  f=0.0002  <S**2>=0.000
       1 -> 559        0.10504
       1 -> 562        0.26640
       1 -> 563        0.20915
       1 -> 565        0.18120
       1 -> 566        0.18820
       1 -> 567        0.21938
       1 -> 568       -0.10960
       1 -> 569       -0.24163
       1 -> 571        0.12636
       1 -> 572        0.34731
       1 -> 573       -0.12025
 
 Excited State  62:      Singlet-A    1553.9991 eV    0.80 nm  f=0.0000  <S**2>=0.000
       1 -> 559        0.25769
       1 -> 561        0.60302
       1 -> 563       -0.12003
       1 -> 564       -0.10833
 
 Excited State  63:      Singlet-A    1554.1332 eV    0.80 nm  f=0.0001  <S**2>=0.000
       1 -> 560        0.26562
       1 -> 562        0.18333
       1 -> 564       -0.12208
       1 -> 565       -0.24860
       1 -> 568       -0.11842
       1 -> 569       -0.13903
       1 -> 570        0.18829
       1 -> 571        0.35204
       1 -> 572       -0.23960
       1 -> 573       -0.16426
 
 Excited State  64:      Singlet-A    1554.1559 eV    0.80 nm  f=0.0000  <S**2>=0.000
       1 -> 560        0.65204
       1 -> 565        0.12161
       1 -> 571       -0.13379
       1 -> 572        0.10376
 
 Excited State  65:      Singlet-A    1554.5330 eV    0.80 nm  f=0.0005  <S**2>=0.000
       1 -> 566       -0.16832
       1 -> 569       -0.40125
       1 -> 571       -0.11205
       1 -> 572       -0.19049
       1 -> 573        0.44194
 
 Excited State  66:      Singlet-A    1554.6974 eV    0.80 nm  f=0.0003  <S**2>=0.000
       1 -> 566        0.28467
       1 -> 568        0.52095
       1 -> 569       -0.17409
       1 -> 570        0.12123
       1 -> 571       -0.10219
       1 -> 572       -0.19628
       1 -> 573       -0.15678
       1 -> 575       -0.10565
 
 Excited State  67:      Singlet-A    1554.9159 eV    0.80 nm  f=0.0005  <S**2>=0.000
       1 -> 563       -0.14741
       1 -> 564       -0.13186
       1 -> 566       -0.13036
       1 -> 567        0.51457
       1 -> 568        0.17769
       1 -> 570       -0.27391
       1 -> 575        0.16910
 
 Excited State  68:      Singlet-A    1555.2811 eV    0.80 nm  f=0.0018  <S**2>=0.000
       1 -> 567        0.37651
       1 -> 569        0.22902
       1 -> 570        0.38972
       1 -> 575       -0.34120
 
 Excited State  69:      Singlet-A    1555.5910 eV    0.80 nm  f=0.0036  <S**2>=0.000
       1 -> 570        0.40381
       1 -> 571       -0.16116
       1 -> 575        0.51349
 
 Excited State  70:      Singlet-A    1556.2305 eV    0.80 nm  f=0.0023  <S**2>=0.000
       1 -> 573        0.16902
       1 -> 574        0.65335
       1 -> 575        0.10053
 
 Excited State  71:      Singlet-A    1560.1232 eV    0.79 nm  f=0.0000  <S**2>=0.000
       1 -> 578       -0.30827
       1 -> 580        0.41765
       1 -> 581        0.11539
       1 -> 583        0.25429
       1 -> 584       -0.10994
       1 -> 585        0.11074
       1 -> 586        0.12398
       1 -> 588        0.11408
       1 -> 589       -0.13855
       1 -> 593       -0.11640
 
 Excited State  72:      Singlet-A    1560.8418 eV    0.79 nm  f=0.0001  <S**2>=0.000
       1 -> 578       -0.23824
       1 -> 579       -0.15326
       1 -> 582        0.20066
       1 -> 583        0.16471
       1 -> 585       -0.28839
       1 -> 587       -0.13115
       1 -> 588       -0.15748
       1 -> 589        0.30612
       1 -> 596       -0.10490
       1 -> 597       -0.10547
       1 -> 601        0.13544
 
 Excited State  73:      Singlet-A    1561.0869 eV    0.79 nm  f=0.0000  <S**2>=0.000
       1 -> 579       -0.16630
       1 -> 580        0.12769
       1 -> 584        0.41136
       1 -> 586       -0.22211
       1 -> 588       -0.10903
       1 -> 589       -0.14467
       1 -> 591        0.12455
       1 -> 595       -0.13047
       1 -> 597        0.11907
       1 -> 601        0.15933
 
 Excited State  74:      Singlet-A    1562.9973 eV    0.79 nm  f=0.0002  <S**2>=0.000
       1 -> 576        0.22551
       1 -> 578        0.13375
       1 -> 580        0.13062
       1 -> 581        0.10311
       1 -> 582       -0.13215
       1 -> 583       -0.10026
       1 -> 590       -0.21519
       1 -> 591       -0.15428
       1 -> 592        0.14499
       1 -> 595        0.24259
       1 -> 597       -0.11499
       1 -> 599       -0.12259
       1 -> 604       -0.14461
 
 Excited State  75:      Singlet-A    1563.2784 eV    0.79 nm  f=0.0002  <S**2>=0.000
       1 -> 576       -0.22729
       1 -> 579       -0.11362
       1 -> 585       -0.18988
       1 -> 589       -0.26223
       1 -> 594        0.27228
       1 -> 596       -0.13908
       1 -> 603        0.15224
       1 -> 623        0.10028
 
 Excited State  76:      Singlet-A    1563.7219 eV    0.79 nm  f=0.0002  <S**2>=0.000
       1 -> 577       -0.11162
       1 -> 579       -0.10207
       1 -> 580        0.13781
       1 -> 593        0.36325
       1 -> 595        0.13234
       1 -> 597       -0.21044
       1 -> 603        0.10451
       1 -> 610        0.21340
       1 -> 634        0.13233
 
 Excited State  77:      Singlet-A    1563.8161 eV    0.79 nm  f=0.0001  <S**2>=0.000
       1 -> 576        0.56938
       1 -> 577       -0.17990
       1 -> 612        0.14273
 
 Excited State  78:      Singlet-A    1564.0644 eV    0.79 nm  f=0.0001  <S**2>=0.000
       1 -> 576        0.13734
       1 -> 577        0.63082
 
 Excited State  79:      Singlet-A    1564.2572 eV    0.79 nm  f=0.0001  <S**2>=0.000
       1 -> 576       -0.18690
       1 -> 577        0.12504
       1 -> 578        0.14994
       1 -> 584        0.10693
       1 -> 593       -0.16301
       1 -> 603        0.11402
       1 -> 610        0.10334
       1 -> 611        0.18182
       1 -> 612        0.37175
       1 -> 619       -0.16130
       1 -> 621        0.15314
       1 -> 627        0.16218
 
 Excited State  80:      Singlet-A    1564.6742 eV    0.79 nm  f=0.0005  <S**2>=0.000
       1 -> 577        0.12089
       1 -> 578        0.29315
       1 -> 579       -0.22838
       1 -> 580        0.11484
       1 -> 585       -0.14570
       1 -> 586        0.23462
       1 -> 590        0.15294
       1 -> 612       -0.10448
       1 -> 623       -0.14435
       1 -> 626        0.11096
       1 -> 628       -0.17581
 
 Excited State  81:      Singlet-A    1564.7928 eV    0.79 nm  f=0.0002  <S**2>=0.000
       1 -> 578        0.40770
       1 -> 580        0.20635
       1 -> 582        0.15585
       1 -> 583        0.28003
       1 -> 584       -0.11154
       1 -> 586       -0.10580
       1 -> 603       -0.12385
       1 -> 623        0.11329
 
 Excited State  82:      Singlet-A    1564.9686 eV    0.79 nm  f=0.0001  <S**2>=0.000
       1 -> 578        0.14537
       1 -> 579        0.47378
       1 -> 581        0.33213
       1 -> 583        0.10294
       1 -> 584        0.14290
       1 -> 585       -0.12138
       1 -> 590        0.10596
       1 -> 593        0.10527
       1 -> 596       -0.11516
 
 Excited State  83:      Singlet-A    1565.1847 eV    0.79 nm  f=0.0001  <S**2>=0.000
       1 -> 579       -0.32364
       1 -> 580       -0.29609
       1 -> 581        0.42531
       1 -> 583        0.16221
       1 -> 585        0.14783
       1 -> 588        0.13411
 
 Excited State  84:      Singlet-A    1565.4752 eV    0.79 nm  f=0.0000  <S**2>=0.000
       1 -> 579        0.10892
       1 -> 580       -0.23859
       1 -> 581       -0.33407
       1 -> 582        0.14754
       1 -> 583        0.33579
       1 -> 585        0.21764
       1 -> 603        0.10872
 
 Excited State  85:      Singlet-A    1565.5682 eV    0.79 nm  f=0.0000  <S**2>=0.000
       1 -> 580        0.16772
       1 -> 582        0.57607
       1 -> 583       -0.23976
       1 -> 588        0.13264
 
 Excited State  86:      Singlet-A    1565.6715 eV    0.79 nm  f=0.0002  <S**2>=0.000
       1 -> 581       -0.10740
       1 -> 584        0.17842
       1 -> 585       -0.18487
       1 -> 586        0.24410
       1 -> 588        0.15505
       1 -> 589       -0.14982
       1 -> 591       -0.14254
       1 -> 592        0.14521
       1 -> 603       -0.14756
       1 -> 623        0.12399
       1 -> 627        0.14962
       1 -> 628        0.17340
 
 Excited State  87:      Singlet-A    1565.8573 eV    0.79 nm  f=0.0000  <S**2>=0.000
       1 -> 583       -0.14992
       1 -> 584        0.30204
       1 -> 585        0.33229
       1 -> 589        0.18377
       1 -> 590        0.21298
       1 -> 593       -0.19598
       1 -> 594        0.16679
       1 -> 599       -0.11876
       1 -> 601       -0.10795
 
 Excited State  88:      Singlet-A    1565.8962 eV    0.79 nm  f=0.0004  <S**2>=0.000
       1 -> 583       -0.21465
       1 -> 584       -0.11988
       1 -> 585        0.16292
       1 -> 586        0.12536
       1 -> 590        0.29274
       1 -> 594       -0.14941
       1 -> 596       -0.19294
       1 -> 601        0.35592
 
 Excited State  89:      Singlet-A    1566.0303 eV    0.79 nm  f=0.0001  <S**2>=0.000
       1 -> 586        0.45974
       1 -> 589        0.20273
       1 -> 590       -0.30819
       1 -> 591        0.18380
       1 -> 592       -0.19529
       1 -> 593        0.10222
 
 Excited State  90:      Singlet-A    1566.1952 eV    0.79 nm  f=0.0003  <S**2>=0.000
       1 -> 584        0.18943
       1 -> 585       -0.11111
       1 -> 593       -0.16581
       1 -> 596        0.20552
       1 -> 599        0.19251
       1 -> 601       -0.14421
       1 -> 603        0.13814
       1 -> 610        0.15844
       1 -> 617        0.13459
       1 -> 619        0.13601
       1 -> 625       -0.12074
       1 -> 627       -0.13580
       1 -> 634        0.11360
 
 Excited State  91:      Singlet-A    1566.2458 eV    0.79 nm  f=0.0007  <S**2>=0.000
       1 -> 584       -0.15560
       1 -> 585        0.14339
       1 -> 588       -0.14484
       1 -> 590        0.20529
       1 -> 592        0.14609
       1 -> 593        0.31162
       1 -> 594        0.20977
       1 -> 596        0.10061
       1 -> 597        0.10334
       1 -> 599        0.12911
       1 -> 604       -0.11307
 
 Excited State  92:      Singlet-A    1566.3488 eV    0.79 nm  f=0.0002  <S**2>=0.000
       1 -> 587       -0.15814
       1 -> 588       -0.17125
       1 -> 589       -0.23011
       1 -> 590        0.13365
       1 -> 591        0.24358
       1 -> 592       -0.23315
       1 -> 595        0.25010
       1 -> 596        0.13701
       1 -> 597       -0.19171
       1 -> 599       -0.16074
       1 -> 603       -0.12008
 
 Excited State  93:      Singlet-A    1566.4670 eV    0.79 nm  f=0.0000  <S**2>=0.000
       1 -> 587        0.62880
       1 -> 588       -0.28409
 
 Excited State  94:      Singlet-A    1566.5108 eV    0.79 nm  f=0.0001  <S**2>=0.000
       1 -> 587        0.15883
       1 -> 588        0.44624
       1 -> 589        0.19438
       1 -> 590        0.12900
       1 -> 591        0.27566
       1 -> 592       -0.13080
       1 -> 594        0.23061
       1 -> 601        0.11668
 
 Excited State  95:      Singlet-A    1566.6080 eV    0.79 nm  f=0.0001  <S**2>=0.000
       1 -> 586        0.10384
       1 -> 589       -0.12313
       1 -> 590       -0.17015
       1 -> 592        0.18042
       1 -> 594        0.33280
       1 -> 595        0.11910
       1 -> 597        0.16119
       1 -> 598       -0.13286
       1 -> 601        0.20273
       1 -> 602        0.12400
       1 -> 603       -0.16722
       1 -> 609        0.13987
       1 -> 610        0.20273
 
 Excited State  96:      Singlet-A    1566.6655 eV    0.79 nm  f=0.0005  <S**2>=0.000
       1 -> 591        0.34194
       1 -> 592        0.43539
       1 -> 594       -0.12606
       1 -> 596        0.20045
       1 -> 610       -0.11535
 
 Excited State  97:      Singlet-A    1566.7013 eV    0.79 nm  f=0.0002  <S**2>=0.000
       1 -> 591       -0.28959
       1 -> 592       -0.11477
       1 -> 593        0.14198
       1 -> 595       -0.11925
       1 -> 596        0.34004
       1 -> 597       -0.19432
       1 -> 601        0.16449
       1 -> 604        0.21239
       1 -> 606        0.10279
       1 -> 607       -0.13766
 
 Excited State  98:      Singlet-A    1566.7446 eV    0.79 nm  f=0.0005  <S**2>=0.000
       1 -> 589        0.15950
       1 -> 592       -0.15736
       1 -> 594       -0.21974
       1 -> 595        0.22095
       1 -> 597        0.30701
       1 -> 598       -0.21230
       1 -> 605       -0.14646
       1 -> 610        0.13298
 
 Excited State  99:      Singlet-A    1566.8958 eV    0.79 nm  f=0.0007  <S**2>=0.000
       1 -> 592        0.11836
       1 -> 593        0.11896
       1 -> 595       -0.16816
       1 -> 596       -0.24919
       1 -> 599       -0.15836
       1 -> 604        0.27814
       1 -> 605        0.20058
       1 -> 609       -0.14354
 
 Excited State 100:      Singlet-A    1566.9465 eV    0.79 nm  f=0.0003  <S**2>=0.000
       1 -> 591        0.11376
       1 -> 593       -0.13204
       1 -> 595       -0.23866
       1 -> 596        0.18618
       1 -> 597       -0.11301
       1 -> 598       -0.12628
       1 -> 599       -0.13864
       1 -> 601        0.13718
       1 -> 603        0.18773
       1 -> 605       -0.24579
       1 -> 607        0.30121
       1 -> 610        0.15463
