 Copyright (c) 1988,1990,1992,1993,1995,1998,2003,2009,2016,
            Gaussian, Inc.  All Rights Reserved.
  
 This is part of the Gaussian(R) 16 program.  It is based on
 the Gaussian(R) 09 system (copyright 2009, Gaussian, Inc.),
 the Gaussian(R) 03 system (copyright 2003, Gaussian, Inc.),
 the Gaussian(R) 98 system (copyright 1998, Gaussian, Inc.),
 the Gaussian(R) 94 system (copyright 1995, Gaussian, Inc.),
 the Gaussian 92(TM) system (copyright 1992, Gaussian, Inc.),
 the Gaussian 90(TM) system (copyright 1990, Gaussian, Inc.),
 the Gaussian 88(TM) system (copyright 1988, Gaussian, Inc.),
 the Gaussian 86(TM) system (copyright 1986, Carnegie Mellon
 University), and the Gaussian 82(TM) system (copyright 1983,
 Carnegie Mellon University). Gaussian is a federally registered
 trademark of Gaussian, Inc.
  
 This software contains proprietary and confidential information,
 including trade secrets, belonging to Gaussian, Inc.
  
 This software is provided under written license and may be
 used, copied, transmitted, or stored only in accord with that
 written license.
  
 The following legend is applicable only to US Government
 contracts under FAR:
  
                    RESTRICTED RIGHTS LEGEND
  
 Use, reproduction and disclosure by the US Government is
 subject to restrictions as set forth in subparagraphs (a)
 and (c) of the Commercial Computer Software - Restricted
 Rights clause in FAR 52.227-19.
  
 Gaussian, Inc.
 340 Quinnipiac St., Bldg. 40, Wallingford CT 06492
  
  
 ---------------------------------------------------------------
 Warning -- This program may not be used in any manner that
 competes with the business of Gaussian, Inc. or will provide
 assistance to any competitor of Gaussian, Inc.  The licensee
 of this program is prohibited from giving any competitor of
 Gaussian, Inc. access to this program.  By using this program,
 the user acknowledges that Gaussian, Inc. is engaged in the
 business of creating and licensing software in the field of
 computational chemistry and represents and warrants to the
 licensee that it is not a competitor of Gaussian, Inc. and that
 it will not use this program in any manner prohibited above.
 ---------------------------------------------------------------
  

 Cite this work as:
 Gaussian 16, Revision A.03,
 M. J. Frisch, G. W. Trucks, H. B. Schlegel, G. E. Scuseria, 
 M. A. Robb, J. R. Cheeseman, G. Scalmani, V. Barone, 
 G. A. Petersson, H. Nakatsuji, X. Li, M. Caricato, A. V. Marenich, 
 J. Bloino, B. G. Janesko, R. Gomperts, B. Mennucci, H. P. Hratchian, 
 J. V. Ortiz, A. F. Izmaylov, J. L. Sonnenberg, D. Williams-Young, 
 F. Ding, F. Lipparini, F. Egidi, J. Goings, B. Peng, A. Petrone, 
 T. Henderson, D. Ranasinghe, V. G. Zakrzewski, J. Gao, N. Rega, 
 G. Zheng, W. Liang, M. Hada, M. Ehara, K. Toyota, R. Fukuda, 
 J. Hasegawa, M. Ishida, T. Nakajima, Y. Honda, O. Kitao, H. Nakai, 
 T. Vreven, K. Throssell, J. A. Montgomery, Jr., J. E. Peralta, 
 F. Ogliaro, M. J. Bearpark, J. J. Heyd, E. N. Brothers, K. N. Kudin, 
 V. N. Staroverov, T. A. Keith, R. Kobayashi, J. Normand, 
 K. Raghavachari, A. P. Rendell, J. C. Burant, S. S. Iyengar, 
 J. Tomasi, M. Cossi, J. M. Millam, M. Klene, C. Adamo, R. Cammi, 
 J. W. Ochterski, R. L. Martin, K. Morokuma, O. Farkas, 
 J. B. Foresman, and D. J. Fox, Gaussian, Inc., Wallingford CT, 2016.
 
 Excitation energies and oscillator strengths:
 
 Excited State   1:      Singlet-A    1566.9465 eV    0.79 nm  f=0.0003  <S**2>=0.000
       1 -> 591        0.11376
       1 -> 593       -0.13203
       1 -> 595       -0.23867
       1 -> 596        0.18617
       1 -> 597       -0.11301
       1 -> 598       -0.12629
       1 -> 599       -0.13865
       1 -> 601        0.13718
       1 -> 603        0.18772
       1 -> 605       -0.24578
       1 -> 607        0.30122
       1 -> 610        0.15464
 This state for optimization and/or second-order correction.
 Total Energy, E(TD-HF/TD-DFT) =  -6256.02583897    
 Copying the excited state density for this state as the 1-particle RhoCI density.
 
 Excited State   2:      Singlet-A    1567.0954 eV    0.79 nm  f=0.0002  <S**2>=0.000
       1 -> 594       -0.10967
       1 -> 595        0.26766
       1 -> 597       -0.17721
       1 -> 599        0.36500
       1 -> 603        0.11298
       1 -> 604        0.21086
       1 -> 605       -0.10461
       1 -> 606        0.12146
       1 -> 608       -0.10128
       1 -> 611       -0.18673
       1 -> 617       -0.11143
       1 -> 623        0.10875
 
 Excited State   3:      Singlet-A    1567.1175 eV    0.79 nm  f=0.0002  <S**2>=0.000
       1 -> 598        0.25403
       1 -> 599        0.31289
       1 -> 602        0.25366
       1 -> 603       -0.30888
       1 -> 604       -0.10003
       1 -> 606       -0.13026
       1 -> 607        0.22442
 
 Excited State   4:      Singlet-A    1567.1897 eV    0.79 nm  f=0.0000  <S**2>=0.000
       1 -> 602        0.54223
       1 -> 603        0.24087
       1 -> 605        0.11494
       1 -> 607       -0.15465
       1 -> 619        0.11217
       1 -> 627        0.10366
 
 Excited State   5:      Singlet-A    1567.2422 eV    0.79 nm  f=0.0001  <S**2>=0.000
       1 -> 597        0.29612
       1 -> 598        0.52128
       1 -> 599       -0.10346
       1 -> 603        0.14249
       1 -> 604        0.20910
 
 Excited State   6:      Singlet-A    1567.3932 eV    0.79 nm  f=0.0001  <S**2>=0.000
       1 -> 595        0.14139
       1 -> 597        0.11021
       1 -> 601        0.14117
       1 -> 603        0.16033
       1 -> 605        0.40630
       1 -> 606       -0.14004
       1 -> 607        0.23197
       1 -> 608        0.10500
       1 -> 610        0.14459
       1 -> 613        0.11599
 
 Excited State   7:      Singlet-A    1567.4175 eV    0.79 nm  f=0.0001  <S**2>=0.000
       1 -> 599        0.12253
       1 -> 604        0.36193
       1 -> 605       -0.12506
       1 -> 611        0.18095
       1 -> 617        0.27466
       1 -> 623       -0.24196
       1 -> 626       -0.11659
       1 -> 627        0.17958
 
 Excited State   8:      Singlet-A    1567.4669 eV    0.79 nm  f=0.0002  <S**2>=0.000
       1 -> 601       -0.18637
       1 -> 602       -0.10995
       1 -> 605        0.13134
       1 -> 606       -0.21203
       1 -> 609        0.42960
       1 -> 613       -0.11284
       1 -> 617       -0.11767
       1 -> 623        0.22138
       1 -> 624       -0.14578
 
 Excited State   9:      Singlet-A    1567.4822 eV    0.79 nm  f=0.0001  <S**2>=0.000
       1 -> 598        0.12768
       1 -> 602       -0.21560
       1 -> 606        0.17716
       1 -> 607       -0.12198
       1 -> 610        0.35392
       1 -> 611       -0.16730
       1 -> 612       -0.10806
       1 -> 613       -0.24056
       1 -> 619        0.11279
       1 -> 627        0.11042
       1 -> 634       -0.10787
 
 Excited State  10:      Singlet-A    1567.5217 eV    0.79 nm  f=0.0000  <S**2>=0.000
       1 -> 600        0.69851
 
 Excited State  11:      Singlet-A    1567.6007 eV    0.79 nm  f=0.0005  <S**2>=0.000
       1 -> 595       -0.11102
       1 -> 606        0.17921
       1 -> 609        0.24672
       1 -> 613        0.14948
       1 -> 619       -0.13493
       1 -> 621       -0.11754
       1 -> 627       -0.13043
       1 -> 628        0.16627
       1 -> 631        0.16701
       1 -> 657       -0.13128
 
 Excited State  12:      Singlet-A    1567.6644 eV    0.79 nm  f=0.0001  <S**2>=0.000
       1 -> 604       -0.15087
       1 -> 606        0.23213
       1 -> 607        0.10201
       1 -> 608       -0.17993
       1 -> 609        0.15895
       1 -> 613        0.18938
       1 -> 617       -0.11527
       1 -> 619       -0.21262
       1 -> 623       -0.12932
       1 -> 625       -0.10043
       1 -> 627        0.24132
       1 -> 631       -0.17224
 
 Excited State  13:      Singlet-A    1567.6928 eV    0.79 nm  f=0.0004  <S**2>=0.000
       1 -> 601       -0.13106
       1 -> 605       -0.11542
       1 -> 606        0.26058
       1 -> 607        0.16813
       1 -> 608        0.24378
       1 -> 611       -0.13737
       1 -> 615        0.15983
       1 -> 623        0.12782
       1 -> 624       -0.15071
       1 -> 625       -0.12686
       1 -> 641       -0.15829
 
 Excited State  14:      Singlet-A    1567.7630 eV    0.79 nm  f=0.0001  <S**2>=0.000
       1 -> 605        0.21541
       1 -> 606        0.39318
       1 -> 607        0.30569
       1 -> 610       -0.21207
       1 -> 611        0.19311
       1 -> 613       -0.19353
       1 -> 619        0.12379
 
 Excited State  15:      Singlet-A    1567.7967 eV    0.79 nm  f=0.0000  <S**2>=0.000
       1 -> 606       -0.12572
       1 -> 607        0.17138
       1 -> 608       -0.13535
       1 -> 611       -0.18267
       1 -> 612        0.11653
       1 -> 613       -0.14146
       1 -> 615        0.22406
       1 -> 617       -0.18888
       1 -> 619        0.19663
       1 -> 623       -0.14993
       1 -> 625        0.16580
       1 -> 628        0.14784
       1 -> 645        0.14792
       1 -> 648       -0.10289
 
 Excited State  16:      Singlet-A    1567.8188 eV    0.79 nm  f=0.0001  <S**2>=0.000
       1 -> 608        0.45414
       1 -> 609        0.19988
       1 -> 611       -0.18056
       1 -> 612        0.11365
       1 -> 613       -0.15820
       1 -> 614       -0.15185
       1 -> 619       -0.10048
       1 -> 623       -0.10549
       1 -> 631       -0.13108
 
 Excited State  17:      Singlet-A    1567.9858 eV    0.79 nm  f=0.0000  <S**2>=0.000
       1 -> 605       -0.13588
       1 -> 608        0.28466
       1 -> 611        0.15049
       1 -> 612       -0.15624
       1 -> 614        0.26413
       1 -> 617       -0.28401
       1 -> 619        0.13423
       1 -> 622       -0.14622
       1 -> 624        0.20181
       1 -> 625        0.12093
       1 -> 634        0.10696
       1 -> 641        0.11241
 
 Excited State  18:      Singlet-A    1568.0106 eV    0.79 nm  f=0.0001  <S**2>=0.000
       1 -> 612        0.28441
       1 -> 613        0.13230
       1 -> 619        0.13046
       1 -> 622       -0.10441
       1 -> 625       -0.18706
       1 -> 628       -0.19937
       1 -> 634       -0.11638
       1 -> 637       -0.16372
       1 -> 641        0.17661
       1 -> 642       -0.12719
       1 -> 644       -0.11835
 
 Excited State  19:      Singlet-A    1568.0415 eV    0.79 nm  f=0.0000  <S**2>=0.000
       1 -> 612       -0.13686
       1 -> 613        0.18998
       1 -> 619        0.25045
       1 -> 621        0.33014
       1 -> 622        0.27288
       1 -> 638        0.12026
       1 -> 642       -0.10311
       1 -> 648       -0.11507
 
 Excited State  20:      Singlet-A    1568.0606 eV    0.79 nm  f=0.0000  <S**2>=0.000
       1 -> 609       -0.20047
       1 -> 610        0.11910
       1 -> 611        0.27090
       1 -> 613       -0.22177
       1 -> 614        0.14450
       1 -> 617       -0.20641
       1 -> 620        0.10853
       1 -> 621       -0.13894
       1 -> 624       -0.23163
       1 -> 626        0.19403
       1 -> 629        0.13779
       1 -> 631       -0.11091
       1 -> 634       -0.16177
 
 Excited State  21:      Singlet-A    1568.1873 eV    0.79 nm  f=0.0001  <S**2>=0.000
       1 -> 611        0.15326
       1 -> 612       -0.23441
       1 -> 614       -0.16024
       1 -> 615        0.38617
       1 -> 619       -0.21073
       1 -> 624        0.14197
       1 -> 625       -0.16467
       1 -> 628       -0.14984
       1 -> 646       -0.12637
       1 -> 648       -0.10794
 
 Excited State  22:      Singlet-A    1568.2266 eV    0.79 nm  f=0.0004  <S**2>=0.000
       1 -> 611       -0.12469
       1 -> 613       -0.10264
       1 -> 614        0.28331
       1 -> 615        0.28294
       1 -> 617        0.10915
       1 -> 626       -0.16235
       1 -> 640       -0.18662
       1 -> 643        0.10059
       1 -> 645       -0.17489
       1 -> 648        0.11248
       1 -> 649       -0.11805
 
 Excited State  23:      Singlet-A    1568.2490 eV    0.79 nm  f=0.0002  <S**2>=0.000
       1 -> 611       -0.12150
       1 -> 613       -0.16031
       1 -> 614        0.39093
       1 -> 619       -0.18449
       1 -> 621        0.16894
       1 -> 624       -0.14046
       1 -> 625        0.12322
       1 -> 627       -0.12233
       1 -> 628       -0.15874
       1 -> 637       -0.11378
       1 -> 644        0.11013
       1 -> 645        0.13178
 
 Excited State  24:      Singlet-A    1568.2972 eV    0.79 nm  f=0.0001  <S**2>=0.000
       1 -> 615       -0.13123
       1 -> 620       -0.20092
       1 -> 621       -0.15240
       1 -> 623        0.10671
       1 -> 627        0.30242
       1 -> 628       -0.14625
       1 -> 631        0.26364
       1 -> 634       -0.19733
       1 -> 648       -0.11247
       1 -> 694       -0.10789
 
 Excited State  25:      Singlet-A    1568.3209 eV    0.79 nm  f=0.0000  <S**2>=0.000
       1 -> 615        0.30608
       1 -> 617        0.13849
       1 -> 619       -0.12050
       1 -> 620       -0.12625
       1 -> 621       -0.21951
       1 -> 622        0.15885
       1 -> 625        0.23731
       1 -> 627       -0.14392
       1 -> 638        0.11581
       1 -> 640        0.12474
       1 -> 641        0.21260
       1 -> 644       -0.14689
 
 Excited State  26:      Singlet-A    1568.3562 eV    0.79 nm  f=0.0000  <S**2>=0.000
       1 -> 620        0.54082
       1 -> 622       -0.25489
       1 -> 623        0.23899
 
 Excited State  27:      Singlet-A    1568.3921 eV    0.79 nm  f=0.0000  <S**2>=0.000
       1 -> 616        0.70334
 
 Excited State  28:      Singlet-A    1568.4218 eV    0.79 nm  f=0.0001  <S**2>=0.000
       1 -> 613        0.16879
       1 -> 617        0.12345
       1 -> 619        0.15860
       1 -> 624       -0.13808
       1 -> 625        0.20610
       1 -> 626        0.28763
       1 -> 627        0.19607
       1 -> 629       -0.23073
       1 -> 631       -0.28271
       1 -> 646       -0.12559
       1 -> 650       -0.10741
 
 Excited State  29:      Singlet-A    1568.4317 eV    0.79 nm  f=0.0000  <S**2>=0.000
       1 -> 620        0.12739
       1 -> 621       -0.11081
       1 -> 622        0.40765
       1 -> 626       -0.24582
       1 -> 628       -0.15996
       1 -> 629       -0.12778
       1 -> 637       -0.10181
       1 -> 638       -0.26546
       1 -> 640        0.12198
 
 Excited State  30:      Singlet-A    1568.4510 eV    0.79 nm  f=0.0000  <S**2>=0.000
       1 -> 618        0.70448
 
 Excited State  31:      Singlet-A    1568.4945 eV    0.79 nm  f=0.0000  <S**2>=0.000
       1 -> 614       -0.21506
       1 -> 621        0.31153
       1 -> 622       -0.20264
       1 -> 623       -0.14554
       1 -> 624       -0.30802
       1 -> 625        0.13847
       1 -> 626       -0.23990
       1 -> 638       -0.10140
       1 -> 646        0.13897
 
 Excited State  32:      Singlet-A    1568.5187 eV    0.79 nm  f=0.0001  <S**2>=0.000
       1 -> 617        0.12696
       1 -> 621        0.12888
       1 -> 625       -0.12414
       1 -> 626        0.28385
       1 -> 627        0.14691
       1 -> 628       -0.13390
       1 -> 629        0.20566
       1 -> 630       -0.21532
       1 -> 634        0.12912
       1 -> 640        0.18378
       1 -> 646        0.25537
 
 Excited State  33:      Singlet-A    1568.5289 eV    0.79 nm  f=0.0000  <S**2>=0.000
       1 -> 614        0.12519
       1 -> 624        0.17274
       1 -> 625       -0.23321
       1 -> 628        0.25650
       1 -> 629       -0.22294
       1 -> 630        0.19276
       1 -> 631       -0.14395
       1 -> 634       -0.10797
       1 -> 640        0.19772
       1 -> 642        0.10333
       1 -> 646        0.18746
 
 Excited State  34:      Singlet-A    1568.6040 eV    0.79 nm  f=0.0000  <S**2>=0.000
       1 -> 623        0.10046
       1 -> 624        0.21740
       1 -> 625        0.10574
       1 -> 629        0.33637
       1 -> 630       -0.14766
       1 -> 631       -0.28458
       1 -> 634       -0.27318
       1 -> 635        0.12847
       1 -> 641       -0.12218
 
 Excited State  35:      Singlet-A    1568.6834 eV    0.79 nm  f=0.0001  <S**2>=0.000
       1 -> 631       -0.20340
       1 -> 637        0.10105
       1 -> 638        0.27056
       1 -> 639        0.13354
       1 -> 641       -0.16082
       1 -> 645        0.21933
       1 -> 646        0.21610
       1 -> 648       -0.14555
       1 -> 657       -0.15854
 
 Excited State  36:      Singlet-A    1568.7622 eV    0.79 nm  f=0.0001  <S**2>=0.000
       1 -> 629        0.22184
       1 -> 630        0.35477
       1 -> 637       -0.31569
       1 -> 638        0.10278
       1 -> 640       -0.14361
       1 -> 642        0.16045
       1 -> 646        0.15524
       1 -> 650       -0.15030
 
 Excited State  37:      Singlet-A    1568.8082 eV    0.79 nm  f=0.0000  <S**2>=0.000
       1 -> 625        0.11741
       1 -> 629        0.24039
       1 -> 630        0.40260
       1 -> 637        0.34406
       1 -> 643       -0.16150
       1 -> 650        0.13085
 
 Excited State  38:      Singlet-A    1568.8345 eV    0.79 nm  f=0.0001  <S**2>=0.000
       1 -> 630        0.17523
       1 -> 632       -0.22225
       1 -> 633       -0.11913
       1 -> 634        0.11435
       1 -> 637       -0.13636
       1 -> 639        0.33653
       1 -> 640        0.13284
       1 -> 641       -0.10488
       1 -> 642       -0.12908
       1 -> 643        0.16387
       1 -> 644       -0.22610
       1 -> 646       -0.10254
       1 -> 652        0.12040
 
 Excited State  39:      Singlet-A    1568.9051 eV    0.79 nm  f=0.0000  <S**2>=0.000
       1 -> 629        0.10095
       1 -> 632        0.10898
       1 -> 638        0.28620
       1 -> 640        0.28116
       1 -> 642        0.26352
       1 -> 645        0.11579
       1 -> 646       -0.22782
       1 -> 650       -0.21002
       1 -> 657       -0.13362
       1 -> 668        0.10324
 
 Excited State  40:      Singlet-A    1568.9090 eV    0.79 nm  f=0.0000  <S**2>=0.000
       1 -> 632        0.32042
       1 -> 633        0.16029
       1 -> 634        0.12162
       1 -> 639       -0.16636
       1 -> 640        0.23240
       1 -> 642       -0.31321
       1 -> 643        0.24944
       1 -> 652       -0.14532
 
 Excited State  41:      Singlet-A    1568.9788 eV    0.79 nm  f=0.0000  <S**2>=0.000
       1 -> 634        0.26110
       1 -> 635        0.63433
 
 Excited State  42:      Singlet-A    1569.0028 eV    0.79 nm  f=0.0001  <S**2>=0.000
       1 -> 632        0.19294
       1 -> 635       -0.11830
       1 -> 637        0.14368
       1 -> 638       -0.13009
       1 -> 639        0.13719
       1 -> 640       -0.11616
       1 -> 641        0.11638
       1 -> 642        0.21851
       1 -> 643        0.29461
       1 -> 648       -0.22735
       1 -> 649        0.16664
       1 -> 650        0.10586
 
 Excited State  43:      Singlet-A    1569.0134 eV    0.79 nm  f=0.0000  <S**2>=0.000
       1 -> 632       -0.32643
       1 -> 633        0.61970
 
 Excited State  44:      Singlet-A    1569.0480 eV    0.79 nm  f=0.0000  <S**2>=0.000
       1 -> 632        0.13891
       1 -> 633        0.10850
       1 -> 639        0.29206
       1 -> 642       -0.25914
       1 -> 643       -0.13595
       1 -> 644        0.15690
       1 -> 645       -0.13275
       1 -> 649        0.20757
       1 -> 650       -0.20690
       1 -> 652        0.13601
       1 -> 654       -0.13943
       1 -> 655        0.11028
       1 -> 661       -0.14422
 
 Excited State  45:      Singlet-A    1569.0562 eV    0.79 nm  f=0.0000  <S**2>=0.000
       1 -> 632        0.32857
       1 -> 633        0.20686
       1 -> 638       -0.15530
       1 -> 639        0.24416
       1 -> 640       -0.10511
       1 -> 642        0.10444
       1 -> 643       -0.15624
       1 -> 645        0.15798
       1 -> 648        0.14470
       1 -> 649       -0.23806
       1 -> 650        0.16776
       1 -> 651       -0.10637
 
 Excited State  46:      Singlet-A    1569.1022 eV    0.79 nm  f=0.0000  <S**2>=0.000
       1 -> 640       -0.18195
       1 -> 643       -0.19915
       1 -> 646        0.23040
       1 -> 651        0.14691
       1 -> 652        0.15628
       1 -> 654        0.22679
       1 -> 655       -0.11349
       1 -> 656        0.18624
       1 -> 662       -0.12933
       1 -> 664       -0.18698
       1 -> 670       -0.12684
       1 -> 675        0.10409
 
 Excited State  47:      Singlet-A    1569.1231 eV    0.79 nm  f=0.0000  <S**2>=0.000
       1 -> 636        0.69661
 
 Excited State  48:      Singlet-A    1569.1436 eV    0.79 nm  f=0.0000  <S**2>=0.000
       1 -> 632       -0.12160
       1 -> 641        0.28406
       1 -> 645        0.11516
       1 -> 646       -0.15018
       1 -> 649        0.13338
       1 -> 650        0.27765
       1 -> 656        0.18936
       1 -> 668       -0.13870
       1 -> 671        0.12090
       1 -> 678        0.10828
       1 -> 679       -0.17059
 
 Excited State  49:      Singlet-A    1569.1796 eV    0.79 nm  f=0.0001  <S**2>=0.000
       1 -> 639       -0.10321
       1 -> 640       -0.13869
       1 -> 641       -0.20187
       1 -> 644       -0.29393
       1 -> 645        0.16739
       1 -> 647       -0.14714
       1 -> 648        0.20525
       1 -> 649        0.40041
       1 -> 650        0.10594
 
 Excited State  50:      Singlet-A    1569.2154 eV    0.79 nm  f=0.0000  <S**2>=0.000
       1 -> 637       -0.10711
       1 -> 640        0.10065
       1 -> 641       -0.20419
       1 -> 642        0.15201
       1 -> 643       -0.19946
       1 -> 645       -0.20373
       1 -> 648       -0.22385
       1 -> 650        0.15095
       1 -> 651        0.25084
       1 -> 653        0.23602
       1 -> 654       -0.13530
       1 -> 657       -0.13569
       1 -> 661        0.13732
 
 Excited State  51:      Singlet-A    1569.2330 eV    0.79 nm  f=0.0001  <S**2>=0.000
       1 -> 637       -0.19086
       1 -> 638        0.22922
       1 -> 641       -0.11746
       1 -> 642        0.12561
       1 -> 644        0.22458
       1 -> 645       -0.26340
       1 -> 648        0.18764
       1 -> 650        0.30284
       1 -> 651       -0.17568
 
 Excited State  52:      Singlet-A    1569.2891 eV    0.79 nm  f=0.0000  <S**2>=0.000
       1 -> 639        0.16983
       1 -> 645       -0.14130
       1 -> 649        0.14224
       1 -> 651       -0.10992
       1 -> 652       -0.16093
       1 -> 658        0.11176
       1 -> 659       -0.20305
       1 -> 661        0.18424
       1 -> 662        0.24906
       1 -> 669        0.11265
       1 -> 671       -0.23637
       1 -> 673       -0.11514
       1 -> 674       -0.10495
       1 -> 678        0.11466
 
 Excited State  53:      Singlet-A    1569.3223 eV    0.79 nm  f=0.0001  <S**2>=0.000
       1 -> 644        0.25872
       1 -> 645        0.18120
       1 -> 648        0.20518
       1 -> 650        0.11080
       1 -> 651        0.27532
       1 -> 652       -0.11130
       1 -> 653        0.17811
       1 -> 654       -0.13848
       1 -> 655       -0.17285
       1 -> 656       -0.13608
       1 -> 668        0.19227
       1 -> 670       -0.11402
       1 -> 679        0.10354
 
 Excited State  54:      Singlet-A    1569.3671 eV    0.79 nm  f=0.0000  <S**2>=0.000
       1 -> 640        0.12530
       1 -> 641       -0.10831
       1 -> 644       -0.11201
       1 -> 647        0.10807
       1 -> 656        0.20557
       1 -> 657        0.25087
       1 -> 659       -0.11466
       1 -> 660        0.10593
       1 -> 661       -0.12288
       1 -> 662        0.12033
       1 -> 665       -0.13357
       1 -> 669        0.16974
       1 -> 671        0.11666
       1 -> 679        0.10534
       1 -> 694        0.14356
 
 Excited State  55:      Singlet-A    1569.4717 eV    0.79 nm  f=0.0000  <S**2>=0.000
       1 -> 647        0.62729
       1 -> 648        0.12773
       1 -> 649        0.15595
 
 Excited State  56:      Singlet-A    1569.4921 eV    0.79 nm  f=0.0001  <S**2>=0.000
       1 -> 639        0.10572
       1 -> 648        0.10366
       1 -> 651        0.37024
       1 -> 653       -0.21118
       1 -> 654        0.28568
       1 -> 657        0.13927
       1 -> 664        0.14710
       1 -> 666        0.11150
       1 -> 668       -0.18560
       1 -> 670        0.12349
 
 Excited State  57:      Singlet-A    1569.5093 eV    0.79 nm  f=0.0002  <S**2>=0.000
       1 -> 647       -0.12042
       1 -> 648        0.13228
       1 -> 649       -0.17764
       1 -> 651        0.12224
       1 -> 655        0.30484
       1 -> 657       -0.16023
       1 -> 658        0.14685
       1 -> 661        0.24053
       1 -> 662        0.12259
       1 -> 665       -0.14867
       1 -> 671        0.11143
       1 -> 673       -0.10134
       1 -> 679        0.13545
 
 Excited State  58:      Singlet-A    1569.5447 eV    0.79 nm  f=0.0000  <S**2>=0.000
       1 -> 639       -0.12970
       1 -> 643        0.14822
       1 -> 647        0.10400
       1 -> 652        0.45640
       1 -> 654        0.11112
       1 -> 655       -0.16490
       1 -> 656       -0.21937
       1 -> 658        0.11223
       1 -> 662        0.18088
 
 Excited State  59:      Singlet-A    1569.5714 eV    0.79 nm  f=0.0001  <S**2>=0.000
       1 -> 650        0.10576
       1 -> 651        0.13051
       1 -> 653       -0.16162
       1 -> 655        0.35776
       1 -> 661       -0.26015
       1 -> 665        0.13325
       1 -> 668        0.23295
       1 -> 671       -0.12742
       1 -> 674       -0.12194
       1 -> 686       -0.14665
 
 Excited State  60:      Singlet-A    1569.6026 eV    0.79 nm  f=0.0002  <S**2>=0.000
       1 -> 649        0.11303
       1 -> 653       -0.14725
       1 -> 655        0.28565
       1 -> 656       -0.23267
       1 -> 659       -0.18045
       1 -> 660        0.13460
       1 -> 661        0.10557
       1 -> 664       -0.14263
       1 -> 666       -0.17016
       1 -> 670       -0.11095
       1 -> 673        0.17434
       1 -> 674        0.11654
       1 -> 676        0.11222
       1 -> 689       -0.10351
       1 -> 694        0.12768
 
 Excited State  61:      Singlet-A    1569.6556 eV    0.79 nm  f=0.0000  <S**2>=0.000
       1 -> 646       -0.11081
       1 -> 651       -0.11988
       1 -> 653        0.11361
       1 -> 656       -0.10584
       1 -> 660        0.37720
       1 -> 662       -0.24139
       1 -> 663       -0.12396
       1 -> 673       -0.22010
       1 -> 674        0.15236
       1 -> 678        0.12679
       1 -> 686       -0.13568
       1 -> 693        0.11611
       1 -> 695        0.10922
 
 Excited State  62:      Singlet-A    1569.6902 eV    0.79 nm  f=0.0000  <S**2>=0.000
       1 -> 652       -0.22028
       1 -> 653        0.16842
       1 -> 654        0.21562
       1 -> 657        0.10838
       1 -> 660       -0.28242
       1 -> 662        0.13307
       1 -> 663       -0.13081
       1 -> 671        0.28482
       1 -> 672       -0.10760
       1 -> 673       -0.12650
       1 -> 675       -0.13962
 
 Excited State  63:      Singlet-A    1569.7136 eV    0.79 nm  f=0.0001  <S**2>=0.000
       1 -> 652        0.18110
       1 -> 653        0.19668
       1 -> 655        0.17623
       1 -> 657        0.12460
       1 -> 658       -0.19300
       1 -> 659        0.18024
       1 -> 661        0.24900
       1 -> 671       -0.22761
       1 -> 675       -0.11347
       1 -> 682        0.14676
       1 -> 706        0.15014
 
 Excited State  64:      Singlet-A    1569.7341 eV    0.79 nm  f=0.0001  <S**2>=0.000
       1 -> 653       -0.21727
       1 -> 654       -0.17478
       1 -> 656       -0.11051
       1 -> 659        0.24373
       1 -> 660        0.20738
       1 -> 661        0.18707
       1 -> 662        0.16437
       1 -> 665       -0.11377
       1 -> 666        0.23575
       1 -> 667        0.14923
       1 -> 668        0.20208
       1 -> 671        0.17644
 
 Excited State  65:      Singlet-A    1569.7575 eV    0.79 nm  f=0.0000  <S**2>=0.000
       1 -> 653        0.28944
       1 -> 654        0.33677
       1 -> 660        0.29778
       1 -> 662        0.19379
       1 -> 668        0.11476
       1 -> 673        0.24798
 
 Excited State  66:      Singlet-A    1569.7739 eV    0.79 nm  f=0.0000  <S**2>=0.000
       1 -> 656       -0.10562
       1 -> 658       -0.32934
       1 -> 659        0.20641
       1 -> 662        0.21332
       1 -> 663        0.13333
       1 -> 666       -0.14765
       1 -> 668       -0.13374
       1 -> 675        0.34896
       1 -> 695        0.10757
 
 Excited State  67:      Singlet-A    1569.7826 eV    0.79 nm  f=0.0000  <S**2>=0.000
       1 -> 656        0.21530
       1 -> 659        0.27613
       1 -> 660        0.11870
       1 -> 662        0.22996
       1 -> 663       -0.12075
       1 -> 664       -0.13434
       1 -> 666       -0.25778
       1 -> 667       -0.11526
       1 -> 668       -0.18105
       1 -> 675       -0.23473
       1 -> 706       -0.11732
 
 Excited State  68:      Singlet-A    1569.8239 eV    0.79 nm  f=0.0000  <S**2>=0.000
       1 -> 657        0.32915
       1 -> 658        0.43550
       1 -> 659        0.25127
       1 -> 663        0.17810
       1 -> 675        0.17643
 
 Excited State  69:      Singlet-A    1569.8911 eV    0.79 nm  f=0.0000  <S**2>=0.000
       1 -> 656        0.13793
       1 -> 660       -0.15448
       1 -> 661       -0.10533
       1 -> 662        0.10345
       1 -> 665       -0.16531
       1 -> 667        0.10548
       1 -> 668        0.13186
       1 -> 671       -0.14304
       1 -> 674        0.35167
       1 -> 677        0.20252
       1 -> 681        0.13902
       1 -> 686       -0.13071
       1 -> 688       -0.12546
       1 -> 689       -0.13176
       1 -> 693        0.12970
       1 -> 695        0.14578
 
 Excited State  70:      Singlet-A    1569.9307 eV    0.79 nm  f=0.0000  <S**2>=0.000
       1 -> 662        0.13391
       1 -> 663        0.24248
       1 -> 664       -0.16201
       1 -> 665        0.26689
       1 -> 666        0.42463
       1 -> 668       -0.18638
       1 -> 676       -0.11635
 
 Excited State  71:      Singlet-A    1569.9891 eV    0.79 nm  f=0.0000  <S**2>=0.000
       1 -> 656        0.11127
       1 -> 661        0.10241
       1 -> 662        0.10484
       1 -> 663       -0.18118
       1 -> 664        0.36373
       1 -> 665        0.43178
       1 -> 669       -0.15872
       1 -> 675        0.13419
 
 Excited State  72:      Singlet-A    1570.0081 eV    0.79 nm  f=0.0000  <S**2>=0.000
       1 -> 663        0.32907
       1 -> 664        0.32909
       1 -> 670       -0.17232
       1 -> 671        0.15367
       1 -> 673       -0.19047
       1 -> 675       -0.13131
       1 -> 681        0.12356
       1 -> 686       -0.19370
       1 -> 692        0.11790
 
 Excited State  73:      Singlet-A    1570.0302 eV    0.79 nm  f=0.0000  <S**2>=0.000
       1 -> 663       -0.23888
       1 -> 666        0.15669
       1 -> 667       -0.18822
       1 -> 669        0.16242
       1 -> 670       -0.23969
       1 -> 673       -0.12383
       1 -> 676        0.29752
       1 -> 677        0.10563
       1 -> 679       -0.21301
       1 -> 692        0.12478
       1 -> 693       -0.10485
       1 -> 696       -0.10737
 
 Excited State  74:      Singlet-A    1570.0774 eV    0.79 nm  f=0.0001  <S**2>=0.000
       1 -> 659       -0.12592
       1 -> 662        0.10806
       1 -> 664       -0.10602
       1 -> 669       -0.17221
       1 -> 670        0.35700
       1 -> 673       -0.34903
       1 -> 678       -0.17189
       1 -> 679       -0.11386
       1 -> 686        0.11432
 
 Excited State  75:      Singlet-A    1570.1209 eV    0.79 nm  f=0.0002  <S**2>=0.000
       1 -> 663        0.18019
       1 -> 667       -0.10351
       1 -> 669        0.10217
       1 -> 674        0.35502
       1 -> 677       -0.17756
       1 -> 678        0.14097
       1 -> 679       -0.12643
       1 -> 687        0.18457
       1 -> 695       -0.15083
       1 -> 698        0.19894
       1 -> 701       -0.10397
 
 Excited State  76:      Singlet-A    1570.1452 eV    0.79 nm  f=0.0000  <S**2>=0.000
       1 -> 661        0.16059
       1 -> 665        0.16118
       1 -> 667       -0.22565
       1 -> 668        0.24495
       1 -> 669        0.30582
       1 -> 670        0.25970
       1 -> 671        0.13572
       1 -> 683       -0.10382
       1 -> 687        0.11009
       1 -> 695        0.16110
 
 Excited State  77:      Singlet-A    1570.1671 eV    0.79 nm  f=0.0001  <S**2>=0.000
       1 -> 670        0.13281
       1 -> 674        0.30062
       1 -> 676       -0.17456
       1 -> 677       -0.12617
       1 -> 687       -0.19056
       1 -> 688        0.17865
       1 -> 689        0.10726
       1 -> 690        0.10141
       1 -> 692        0.15028
       1 -> 693       -0.20953
       1 -> 698       -0.17665
 
 Excited State  78:      Singlet-A    1570.2059 eV    0.79 nm  f=0.0000  <S**2>=0.000
       1 -> 665        0.14899
       1 -> 667        0.43659
       1 -> 668       -0.17123
       1 -> 669        0.41266
       1 -> 687       -0.13442
 
 Excited State  79:      Singlet-A    1570.2143 eV    0.79 nm  f=0.0001  <S**2>=0.000
       1 -> 667        0.24394
       1 -> 674        0.12058
       1 -> 678       -0.17509
       1 -> 681       -0.17129
       1 -> 682       -0.27466
       1 -> 687        0.37697
       1 -> 701        0.10290
       1 -> 706        0.10547
 
 Excited State  80:      Singlet-A    1570.2326 eV    0.79 nm  f=0.0001  <S**2>=0.000
       1 -> 663       -0.12251
       1 -> 670        0.12056
       1 -> 673        0.10057
       1 -> 675        0.12955
       1 -> 678       -0.19869
       1 -> 681        0.25868
       1 -> 682       -0.23947
       1 -> 686       -0.14759
       1 -> 687       -0.13271
       1 -> 695       -0.25271
       1 -> 696        0.15350
       1 -> 698        0.10566
 
 Excited State  81:      Singlet-A    1570.2702 eV    0.79 nm  f=0.0000  <S**2>=0.000
       1 -> 671        0.22545
       1 -> 672        0.66520
 
 Excited State  82:      Singlet-A    1570.2887 eV    0.79 nm  f=0.0000  <S**2>=0.000
       1 -> 663        0.12713
       1 -> 670        0.10724
       1 -> 675       -0.13815
       1 -> 676        0.32903
       1 -> 678        0.24103
       1 -> 679        0.16810
       1 -> 680       -0.10640
       1 -> 682       -0.22920
       1 -> 686       -0.13684
       1 -> 688        0.10661
       1 -> 693       -0.11001
       1 -> 694        0.10033
       1 -> 717        0.13693
 
 Excited State  83:      Singlet-A    1570.3324 eV    0.79 nm  f=0.0000  <S**2>=0.000
       1 -> 675       -0.12034
       1 -> 676       -0.17654
       1 -> 677        0.49520
       1 -> 680        0.14443
       1 -> 681       -0.24596
       1 -> 688        0.12821
 
 Excited State  84:      Singlet-A    1570.3572 eV    0.79 nm  f=0.0001  <S**2>=0.000
       1 -> 670       -0.13213
       1 -> 675       -0.11126
       1 -> 677       -0.13640
       1 -> 679       -0.16506
       1 -> 680        0.27418
       1 -> 682       -0.19295
       1 -> 687       -0.21659
       1 -> 695        0.16820
       1 -> 698        0.10152
       1 -> 699        0.18765
       1 -> 702        0.10321
       1 -> 703       -0.15010
       1 -> 706        0.14572
 
 Excited State  85:      Singlet-A    1570.3912 eV    0.79 nm  f=0.0000  <S**2>=0.000
       1 -> 675        0.11434
       1 -> 676        0.10957
       1 -> 678       -0.10324
       1 -> 679        0.28303
       1 -> 680        0.52080
       1 -> 685       -0.14845
 
 Excited State  86:      Singlet-A    1570.4234 eV    0.79 nm  f=0.0000  <S**2>=0.000
       1 -> 677        0.13800
       1 -> 678        0.23462
       1 -> 681        0.27530
       1 -> 683       -0.16283
       1 -> 684        0.10602
       1 -> 685       -0.10523
       1 -> 686        0.35458
       1 -> 689        0.16597
       1 -> 692        0.10753
       1 -> 703       -0.15636
 
 Excited State  87:      Singlet-A    1570.4500 eV    0.79 nm  f=0.0000  <S**2>=0.000
       1 -> 676       -0.22649
       1 -> 678        0.26862
       1 -> 681       -0.16780
       1 -> 682       -0.19597
       1 -> 685       -0.15604
       1 -> 687       -0.10595
       1 -> 688       -0.14576
       1 -> 689       -0.26253
       1 -> 690       -0.13193
       1 -> 692        0.14491
       1 -> 703       -0.13370
 
 Excited State  88:      Singlet-A    1570.4904 eV    0.79 nm  f=0.0000  <S**2>=0.000
       1 -> 676       -0.17882
       1 -> 681        0.25004
       1 -> 682       -0.22745
       1 -> 684        0.10853
       1 -> 685        0.23821
       1 -> 688        0.15378
       1 -> 692        0.17372
       1 -> 693       -0.12695
       1 -> 695        0.15993
       1 -> 700       -0.15060
       1 -> 701       -0.15860
       1 -> 703        0.11767
       1 -> 704       -0.12196
 
 Excited State  89:      Singlet-A    1570.4997 eV    0.79 nm  f=0.0000  <S**2>=0.000
       1 -> 677       -0.10023
       1 -> 680        0.12534
       1 -> 685        0.48267
       1 -> 692        0.13432
       1 -> 695       -0.17245
       1 -> 703       -0.13668
       1 -> 715        0.10353
       1 -> 716       -0.11626
       1 -> 721       -0.10602
 
 Excited State  90:      Singlet-A    1570.5629 eV    0.79 nm  f=0.0000  <S**2>=0.000
       1 -> 679       -0.16028
       1 -> 681        0.10832
       1 -> 686        0.12455
       1 -> 688        0.28265
       1 -> 689       -0.20167
       1 -> 690       -0.18706
       1 -> 692       -0.25132
       1 -> 693        0.16749
       1 -> 695       -0.15237
       1 -> 699        0.10910
       1 -> 706       -0.15829
       1 -> 715        0.17367
       1 -> 727        0.11206
 
 Excited State  91:      Singlet-A    1570.5744 eV    0.79 nm  f=0.0001  <S**2>=0.000
       1 -> 677       -0.12125
       1 -> 680        0.10937
       1 -> 682       -0.12987
       1 -> 683       -0.11242
       1 -> 688        0.29087
       1 -> 689       -0.13433
       1 -> 694       -0.25255
       1 -> 695        0.10020
       1 -> 698       -0.10911
       1 -> 699       -0.14622
       1 -> 700        0.16042
       1 -> 701        0.15404
       1 -> 704        0.12511
       1 -> 727       -0.13259
 
 Excited State  92:      Singlet-A    1570.5877 eV    0.79 nm  f=0.0000  <S**2>=0.000
       1 -> 679       -0.11649
       1 -> 680        0.12040
       1 -> 682       -0.13302
       1 -> 685        0.15215
       1 -> 687       -0.12028
       1 -> 688       -0.24978
       1 -> 689        0.22093
       1 -> 690       -0.12897
       1 -> 692       -0.13826
       1 -> 698       -0.16696
       1 -> 699       -0.14315
       1 -> 703        0.26274
       1 -> 706       -0.15280
       1 -> 721        0.11825
 
 Excited State  93:      Singlet-A    1570.6161 eV    0.79 nm  f=0.0001  <S**2>=0.000
       1 -> 677        0.10912
       1 -> 682        0.10551
       1 -> 684        0.11622
       1 -> 685        0.24309
       1 -> 688        0.21006
       1 -> 694        0.21166
       1 -> 698        0.14395
       1 -> 699       -0.11607
       1 -> 703       -0.13937
       1 -> 715       -0.18536
       1 -> 716        0.13011
       1 -> 717       -0.13151
       1 -> 718       -0.11518
       1 -> 721        0.13770
 
 Excited State  94:      Singlet-A    1570.6369 eV    0.79 nm  f=0.0000  <S**2>=0.000
       1 -> 681       -0.12066
       1 -> 684        0.64672
       1 -> 685       -0.11184
       1 -> 688       -0.10624
 
 Excited State  95:      Singlet-A    1570.6400 eV    0.79 nm  f=0.0000  <S**2>=0.000
       1 -> 688        0.12048
       1 -> 689        0.36223
       1 -> 690       -0.28493
       1 -> 693        0.10328
       1 -> 694       -0.16235
       1 -> 703       -0.16867
       1 -> 704        0.11390
       1 -> 708        0.11272
       1 -> 726        0.10903
 
 Excited State  96:      Singlet-A    1570.6990 eV    0.79 nm  f=0.0000  <S**2>=0.000
       1 -> 683        0.61883
       1 -> 686        0.21376
 
 Excited State  97:      Singlet-A    1570.7309 eV    0.79 nm  f=0.0000  <S**2>=0.000
       1 -> 690        0.38831
       1 -> 692        0.11819
       1 -> 693        0.18963
       1 -> 696        0.15214
       1 -> 706       -0.17316
       1 -> 708        0.16540
       1 -> 709        0.10306
       1 -> 714       -0.10785
       1 -> 717        0.21034
       1 -> 722       -0.11436
 
 Excited State  98:      Singlet-A    1570.7842 eV    0.79 nm  f=0.0001  <S**2>=0.000
       1 -> 690       -0.15518
       1 -> 692        0.25981
       1 -> 693        0.33849
       1 -> 694        0.11213
       1 -> 695       -0.10593
       1 -> 711        0.12920
       1 -> 714        0.19956
       1 -> 715       -0.21670
       1 -> 716       -0.12573
       1 -> 721       -0.10001
 
 Excited State  99:      Singlet-A    1570.8297 eV    0.79 nm  f=0.0000  <S**2>=0.000
       1 -> 692       -0.19711
       1 -> 694        0.14405
       1 -> 695        0.12083
       1 -> 696       -0.11787
       1 -> 699       -0.26397
       1 -> 704        0.17283
       1 -> 709        0.15776
       1 -> 717        0.32994
       1 -> 727        0.12496
 
 Excited State 100:      Singlet-A    1570.8525 eV    0.79 nm  f=0.0001  <S**2>=0.000
       1 -> 691        0.13080
       1 -> 692        0.19086
       1 -> 693        0.17770
       1 -> 698        0.18251
       1 -> 699       -0.20196
       1 -> 700        0.10859
       1 -> 703        0.10468
       1 -> 713       -0.10976
       1 -> 715        0.36383
       1 -> 718       -0.14822
