 Copyright (c) 1988,1990,1992,1993,1995,1998,2003,2009,2016,
            Gaussian, Inc.  All Rights Reserved.
  
 This is part of the Gaussian(R) 16 program.  It is based on
 the Gaussian(R) 09 system (copyright 2009, Gaussian, Inc.),
 the Gaussian(R) 03 system (copyright 2003, Gaussian, Inc.),
 the Gaussian(R) 98 system (copyright 1998, Gaussian, Inc.),
 the Gaussian(R) 94 system (copyright 1995, Gaussian, Inc.),
 the Gaussian 92(TM) system (copyright 1992, Gaussian, Inc.),
 the Gaussian 90(TM) system (copyright 1990, Gaussian, Inc.),
 the Gaussian 88(TM) system (copyright 1988, Gaussian, Inc.),
 the Gaussian 86(TM) system (copyright 1986, Carnegie Mellon
 University), and the Gaussian 82(TM) system (copyright 1983,
 Carnegie Mellon University). Gaussian is a federally registered
 trademark of Gaussian, Inc.
  
 This software contains proprietary and confidential information,
 including trade secrets, belonging to Gaussian, Inc.
  
 This software is provided under written license and may be
 used, copied, transmitted, or stored only in accord with that
 written license.
  
 The following legend is applicable only to US Government
 contracts under FAR:
  
                    RESTRICTED RIGHTS LEGEND
  
 Use, reproduction and disclosure by the US Government is
 subject to restrictions as set forth in subparagraphs (a)
 and (c) of the Commercial Computer Software - Restricted
 Rights clause in FAR 52.227-19.
  
 Gaussian, Inc.
 340 Quinnipiac St., Bldg. 40, Wallingford CT 06492
  
  
 ---------------------------------------------------------------
 Warning -- This program may not be used in any manner that
 competes with the business of Gaussian, Inc. or will provide
 assistance to any competitor of Gaussian, Inc.  The licensee
 of this program is prohibited from giving any competitor of
 Gaussian, Inc. access to this program.  By using this program,
 the user acknowledges that Gaussian, Inc. is engaged in the
 business of creating and licensing software in the field of
 computational chemistry and represents and warrants to the
 licensee that it is not a competitor of Gaussian, Inc. and that
 it will not use this program in any manner prohibited above.
 ---------------------------------------------------------------
  

 Cite this work as:
 Gaussian 16, Revision A.03,
 M. J. Frisch, G. W. Trucks, H. B. Schlegel, G. E. Scuseria, 
 M. A. Robb, J. R. Cheeseman, G. Scalmani, V. Barone, 
 G. A. Petersson, H. Nakatsuji, X. Li, M. Caricato, A. V. Marenich, 
 J. Bloino, B. G. Janesko, R. Gomperts, B. Mennucci, H. P. Hratchian, 
 J. V. Ortiz, A. F. Izmaylov, J. L. Sonnenberg, D. Williams-Young, 
 F. Ding, F. Lipparini, F. Egidi, J. Goings, B. Peng, A. Petrone, 
 T. Henderson, D. Ranasinghe, V. G. Zakrzewski, J. Gao, N. Rega, 
 G. Zheng, W. Liang, M. Hada, M. Ehara, K. Toyota, R. Fukuda, 
 J. Hasegawa, M. Ishida, T. Nakajima, Y. Honda, O. Kitao, H. Nakai, 
 T. Vreven, K. Throssell, J. A. Montgomery, Jr., J. E. Peralta, 
 F. Ogliaro, M. J. Bearpark, J. J. Heyd, E. N. Brothers, K. N. Kudin, 
 V. N. Staroverov, T. A. Keith, R. Kobayashi, J. Normand, 
 K. Raghavachari, A. P. Rendell, J. C. Burant, S. S. Iyengar, 
 J. Tomasi, M. Cossi, J. M. Millam, M. Klene, C. Adamo, R. Cammi, 
 J. W. Ochterski, R. L. Martin, K. Morokuma, O. Farkas, 
 J. B. Foresman, and D. J. Fox, Gaussian, Inc., Wallingford CT, 2016.
 
 Excitation energies and oscillator strengths:
 
 Excited State   1:      Singlet-A    1540.4228 eV    0.80 nm  f=0.0018  <S**2>=0.000
       1 -> 407       -0.29530
       1 -> 408        0.47771
       1 -> 409        0.23057
       1 -> 411       -0.15058
       1 -> 426        0.10724
       1 -> 428       -0.11179
 This state for optimization and/or second-order correction.
 Total Energy, E(TD-HF/TD-DFT) =  -6257.00056380    
 Copying the excited state density for this state as the 1-particle RhoCI density.
 
 Excited State   2:      Singlet-A    1541.8303 eV    0.80 nm  f=0.0065  <S**2>=0.000
       1 -> 407       -0.14692
       1 -> 408        0.10158
       1 -> 409       -0.13371
       1 -> 411        0.15146
       1 -> 417       -0.23279
       1 -> 419       -0.26302
       1 -> 421        0.26785
       1 -> 426       -0.21694
       1 -> 428        0.14381
 
 Excited State   3:      Singlet-A    1543.2353 eV    0.80 nm  f=0.0001  <S**2>=0.000
       1 -> 407        0.60304
       1 -> 408        0.21280
       1 -> 409        0.14207
       1 -> 411       -0.10006
       1 -> 421        0.12468
 
 Excited State   4:      Singlet-A    1543.8692 eV    0.80 nm  f=0.0003  <S**2>=0.000
       1 -> 407       -0.10963
       1 -> 408       -0.37726
       1 -> 409        0.38850
       1 -> 411       -0.33627
       1 -> 421        0.13567
 
 Excited State   5:      Singlet-A    1544.0979 eV    0.80 nm  f=0.0007  <S**2>=0.000
       1 -> 409       -0.14855
       1 -> 410        0.35924
       1 -> 411       -0.21054
       1 -> 412        0.31817
       1 -> 413       -0.18036
       1 -> 421       -0.12333
       1 -> 424       -0.13067
       1 -> 426       -0.10012
       1 -> 428       -0.14327
       1 -> 429        0.11885
       1 -> 439        0.10617
 
 Excited State   6:      Singlet-A    1544.3895 eV    0.80 nm  f=0.0011  <S**2>=0.000
       1 -> 409       -0.28255
       1 -> 410        0.34281
       1 -> 419        0.13005
       1 -> 421        0.15573
       1 -> 424        0.28056
       1 -> 426        0.16804
       1 -> 427        0.10770
       1 -> 438        0.10766
 
 Excited State   7:      Singlet-A    1544.4994 eV    0.80 nm  f=0.0002  <S**2>=0.000
       1 -> 408        0.16133
       1 -> 409        0.21424
       1 -> 410        0.35608
       1 -> 412       -0.25784
       1 -> 413        0.26747
       1 -> 414        0.24015
       1 -> 416       -0.10267
       1 -> 426       -0.10875
 
 Excited State   8:      Singlet-A    1544.6453 eV    0.80 nm  f=0.0004  <S**2>=0.000
       1 -> 408       -0.13247
       1 -> 409        0.26108
       1 -> 410        0.27387
       1 -> 411        0.43381
       1 -> 412        0.18352
       1 -> 426        0.12373
 
 Excited State   9:      Singlet-A    1544.8328 eV    0.80 nm  f=0.0004  <S**2>=0.000
       1 -> 408        0.13836
       1 -> 409        0.15927
       1 -> 411        0.12909
       1 -> 412        0.32570
       1 -> 414       -0.15604
       1 -> 416       -0.17039
       1 -> 417        0.13914
       1 -> 418       -0.11402
       1 -> 423       -0.10711
       1 -> 424        0.36931
       1 -> 428        0.13649
 
 Excited State  10:      Singlet-A    1545.1235 eV    0.80 nm  f=0.0001  <S**2>=0.000
       1 -> 410       -0.12138
       1 -> 412        0.40219
       1 -> 413        0.39337
       1 -> 414        0.35983
 
 Excited State  11:      Singlet-A    1545.1395 eV    0.80 nm  f=0.0005  <S**2>=0.000
       1 -> 410       -0.13325
       1 -> 411        0.17313
       1 -> 413       -0.36360
       1 -> 414        0.42470
       1 -> 423       -0.11439
       1 -> 424        0.10641
       1 -> 428       -0.13637
       1 -> 429        0.11730
 
 Excited State  12:      Singlet-A    1545.2783 eV    0.80 nm  f=0.0007  <S**2>=0.000
       1 -> 411       -0.15118
       1 -> 413       -0.23962
       1 -> 414        0.25378
       1 -> 416       -0.24858
       1 -> 418       -0.10802
       1 -> 419       -0.11132
       1 -> 420       -0.13175
       1 -> 421       -0.14969
       1 -> 428        0.21069
       1 -> 429       -0.21765
       1 -> 432       -0.10253
       1 -> 439       -0.14384
 
 Excited State  13:      Singlet-A    1545.5842 eV    0.80 nm  f=0.0001  <S**2>=0.000
       1 -> 413        0.14223
       1 -> 415        0.49953
       1 -> 416       -0.32071
       1 -> 417       -0.14329
       1 -> 418       -0.13757
       1 -> 438        0.14290
 
 Excited State  14:      Singlet-A    1545.5957 eV    0.80 nm  f=0.0000  <S**2>=0.000
       1 -> 415        0.41056
       1 -> 416        0.34467
       1 -> 419       -0.25332
       1 -> 421       -0.12182
       1 -> 424        0.17588
       1 -> 438       -0.12952
 
 Excited State  15:      Singlet-A    1545.6551 eV    0.80 nm  f=0.0000  <S**2>=0.000
       1 -> 416       -0.30707
       1 -> 418        0.58600
       1 -> 419       -0.13562
       1 -> 426        0.12066
 
 Excited State  16:      Singlet-A    1545.6833 eV    0.80 nm  f=0.0002  <S**2>=0.000
       1 -> 415        0.24121
       1 -> 417        0.43502
       1 -> 418        0.12239
       1 -> 419        0.30885
       1 -> 421        0.14160
       1 -> 424       -0.19635
 
 Excited State  17:      Singlet-A    1545.7425 eV    0.80 nm  f=0.0002  <S**2>=0.000
       1 -> 415        0.11189
       1 -> 417       -0.34779
       1 -> 419        0.39707
       1 -> 433        0.11589
       1 -> 437        0.13286
       1 -> 438       -0.26562
 
 Excited State  18:      Singlet-A    1545.8799 eV    0.80 nm  f=0.0002  <S**2>=0.000
       1 -> 416       -0.10928
       1 -> 417        0.15303
       1 -> 418       -0.21975
       1 -> 419       -0.16412
       1 -> 420        0.34221
       1 -> 421        0.28327
       1 -> 423        0.17162
       1 -> 426        0.15759
       1 -> 427       -0.13404
       1 -> 432        0.15891
       1 -> 436       -0.11995
       1 -> 438       -0.10130
 
 Excited State  19:      Singlet-A    1546.0785 eV    0.80 nm  f=0.0003  <S**2>=0.000
       1 -> 419       -0.10862
       1 -> 420        0.22995
       1 -> 423       -0.17620
       1 -> 425       -0.14931
       1 -> 427        0.30324
       1 -> 428       -0.17902
       1 -> 432       -0.17229
       1 -> 433        0.31667
       1 -> 437        0.17882
       1 -> 438       -0.10726
 
 Excited State  20:      Singlet-A    1546.1212 eV    0.80 nm  f=0.0002  <S**2>=0.000
       1 -> 420        0.44306
       1 -> 421       -0.41411
       1 -> 423        0.12059
       1 -> 427       -0.13712
       1 -> 429        0.10422
 
 Excited State  21:      Singlet-A    1546.1782 eV    0.80 nm  f=0.0001  <S**2>=0.000
       1 -> 418       -0.12178
       1 -> 420       -0.26938
       1 -> 423        0.28597
       1 -> 424        0.14904
       1 -> 425        0.15013
       1 -> 426        0.17122
       1 -> 428       -0.16692
       1 -> 429        0.21653
       1 -> 432       -0.12454
       1 -> 433        0.16834
       1 -> 437        0.14727
       1 -> 444        0.11688
 
 Excited State  22:      Singlet-A    1546.2972 eV    0.80 nm  f=0.0000  <S**2>=0.000
       1 -> 422        0.57822
       1 -> 423        0.23682
       1 -> 424        0.11119
       1 -> 425       -0.17530
       1 -> 426       -0.13537
 
 Excited State  23:      Singlet-A    1546.3047 eV    0.80 nm  f=0.0001  <S**2>=0.000
       1 -> 422        0.38632
       1 -> 423       -0.31404
       1 -> 425        0.31047
       1 -> 426        0.20969
       1 -> 427       -0.14348
       1 -> 446        0.11790
 
 Excited State  24:      Singlet-A    1546.4107 eV    0.80 nm  f=0.0002  <S**2>=0.000
       1 -> 423        0.17738
       1 -> 424       -0.17914
       1 -> 426        0.25652
       1 -> 427        0.32275
       1 -> 428        0.36960
       1 -> 429        0.26713
 
 Excited State  25:      Singlet-A    1546.5434 eV    0.80 nm  f=0.0009  <S**2>=0.000
       1 -> 420       -0.10138
       1 -> 424       -0.11354
       1 -> 429        0.30187
       1 -> 430        0.14598
       1 -> 432        0.25720
       1 -> 435        0.14095
       1 -> 436       -0.21587
       1 -> 439       -0.13149
       1 -> 445        0.16024
       1 -> 475        0.13146
 
 Excited State  26:      Singlet-A    1546.5781 eV    0.80 nm  f=0.0003  <S**2>=0.000
       1 -> 423        0.17795
       1 -> 425        0.32266
       1 -> 426       -0.23302
       1 -> 430        0.22862
       1 -> 432       -0.13563
       1 -> 435       -0.17153
       1 -> 437       -0.10440
       1 -> 444       -0.13126
       1 -> 445        0.14462
       1 -> 449       -0.19707
 
 Excited State  27:      Singlet-A    1546.6562 eV    0.80 nm  f=0.0006  <S**2>=0.000
       1 -> 423        0.21047
       1 -> 424       -0.12011
       1 -> 428       -0.13562
       1 -> 430       -0.21188
       1 -> 432        0.20860
       1 -> 433        0.14451
       1 -> 435       -0.12776
       1 -> 437       -0.12854
       1 -> 444       -0.20913
       1 -> 446        0.19633
       1 -> 450        0.21969
 
 Excited State  28:      Singlet-A    1546.6799 eV    0.80 nm  f=0.0004  <S**2>=0.000
       1 -> 425       -0.16502
       1 -> 426        0.12941
       1 -> 429       -0.13459
       1 -> 430        0.42427
       1 -> 433        0.18487
       1 -> 435       -0.14111
       1 -> 445        0.16275
       1 -> 446        0.15111
       1 -> 451       -0.21380
 
 Excited State  29:      Singlet-A    1546.7240 eV    0.80 nm  f=0.0001  <S**2>=0.000
       1 -> 425        0.36412
       1 -> 427        0.36665
       1 -> 429       -0.23895
       1 -> 430        0.10725
       1 -> 435        0.21286
       1 -> 445       -0.10338
       1 -> 449        0.17355
 
 Excited State  30:      Singlet-A    1546.7902 eV    0.80 nm  f=0.0001  <S**2>=0.000
       1 -> 425        0.16114
       1 -> 429       -0.21119
       1 -> 430       -0.22662
       1 -> 433        0.12721
       1 -> 436       -0.15240
       1 -> 438        0.29018
       1 -> 444        0.14878
       1 -> 445        0.16212
       1 -> 446       -0.14146
       1 -> 450       -0.15651
       1 -> 451       -0.11179
       1 -> 454        0.12103
 
 Excited State  31:      Singlet-A    1546.8917 eV    0.80 nm  f=0.0009  <S**2>=0.000
       1 -> 427       -0.10441
       1 -> 432       -0.18169
       1 -> 435        0.19319
       1 -> 437       -0.23520
       1 -> 438       -0.10080
       1 -> 439        0.23918
       1 -> 450       -0.21497
       1 -> 452       -0.10461
       1 -> 453        0.12360
       1 -> 472       -0.10691
       1 -> 475        0.15585
       1 -> 478        0.10838
       1 -> 479        0.10690
 
 Excited State  32:      Singlet-A    1546.9375 eV    0.80 nm  f=0.0001  <S**2>=0.000
       1 -> 433        0.37543
       1 -> 435        0.34473
       1 -> 437       -0.18741
       1 -> 438        0.24914
       1 -> 450        0.16425
       1 -> 452        0.10274
       1 -> 453       -0.11578
 
 Excited State  33:      Singlet-A    1546.9708 eV    0.80 nm  f=0.0004  <S**2>=0.000
       1 -> 426       -0.15063
       1 -> 428        0.21207
       1 -> 430       -0.20580
       1 -> 432        0.17029
       1 -> 433        0.18704
       1 -> 437       -0.17618
       1 -> 439        0.13077
       1 -> 447        0.14822
       1 -> 450       -0.16815
       1 -> 484        0.12941
       1 -> 500       -0.10886
 
 Excited State  34:      Singlet-A    1547.0199 eV    0.80 nm  f=0.0001  <S**2>=0.000
       1 -> 430        0.16651
       1 -> 432        0.30824
       1 -> 436        0.47982
       1 -> 445       -0.15799
       1 -> 446       -0.14396
 
 Excited State  35:      Singlet-A    1547.1161 eV    0.80 nm  f=0.0000  <S**2>=0.000
       1 -> 431        0.66821
       1 -> 432        0.22411
 
 Excited State  36:      Singlet-A    1547.1763 eV    0.80 nm  f=0.0002  <S**2>=0.000
       1 -> 433       -0.16125
       1 -> 434       -0.14894
       1 -> 435        0.36138
       1 -> 436        0.26736
       1 -> 437        0.19053
       1 -> 439       -0.16390
       1 -> 445        0.27651
       1 -> 451       -0.10170
       1 -> 475       -0.10186
 
 Excited State  37:      Singlet-A    1547.1846 eV    0.80 nm  f=0.0000  <S**2>=0.000
       1 -> 434        0.68390
       1 -> 436        0.10537
 
 Excited State  38:      Singlet-A    1547.2437 eV    0.80 nm  f=0.0003  <S**2>=0.000
       1 -> 436       -0.10331
       1 -> 437        0.34914
       1 -> 438        0.19214
       1 -> 439        0.20770
       1 -> 442       -0.12412
       1 -> 446       -0.18034
       1 -> 449        0.12460
       1 -> 450        0.12164
       1 -> 453        0.11785
       1 -> 484        0.13502
       1 -> 485        0.14603
 
 Excited State  39:      Singlet-A    1547.2772 eV    0.80 nm  f=0.0002  <S**2>=0.000
       1 -> 436        0.15211
       1 -> 439        0.26105
       1 -> 442        0.14304
       1 -> 444        0.17429
       1 -> 445        0.26829
       1 -> 447        0.12714
       1 -> 450        0.17002
       1 -> 451       -0.11119
       1 -> 452        0.22325
       1 -> 453       -0.26535
 
 Excited State  40:      Singlet-A    1547.3262 eV    0.80 nm  f=0.0002  <S**2>=0.000
       1 -> 442        0.55189
       1 -> 443       -0.10215
       1 -> 444        0.17646
       1 -> 451        0.17426
       1 -> 453        0.10144
 
 Excited State  41:      Singlet-A    1547.3702 eV    0.80 nm  f=0.0000  <S**2>=0.000
       1 -> 442        0.34324
       1 -> 443        0.24579
       1 -> 444       -0.20929
       1 -> 446       -0.26173
       1 -> 447        0.18698
       1 -> 450       -0.18515
       1 -> 451       -0.21021
 
 Excited State  42:      Singlet-A    1547.4293 eV    0.80 nm  f=0.0001  <S**2>=0.000
       1 -> 437        0.15022
       1 -> 438        0.28672
       1 -> 439        0.27390
       1 -> 440       -0.18433
       1 -> 444       -0.21804
       1 -> 445       -0.12003
       1 -> 446        0.30099
       1 -> 447       -0.13531
       1 -> 449       -0.11248
 
 Excited State  43:      Singlet-A    1547.5207 eV    0.80 nm  f=0.0000  <S**2>=0.000
       1 -> 440        0.38821
       1 -> 443        0.28516
       1 -> 446        0.21768
       1 -> 447        0.18376
       1 -> 449       -0.31401
 
 Excited State  44:      Singlet-A    1547.5530 eV    0.80 nm  f=0.0000  <S**2>=0.000
       1 -> 439        0.20999
       1 -> 440        0.43502
       1 -> 441       -0.13005
       1 -> 444       -0.27631
       1 -> 445        0.19677
       1 -> 447       -0.10590
       1 -> 449        0.17871
       1 -> 484       -0.11172
 
 Excited State  45:      Singlet-A    1547.5707 eV    0.80 nm  f=0.0000  <S**2>=0.000
       1 -> 440       -0.30163
       1 -> 441       -0.24132
       1 -> 443        0.35008
       1 -> 451        0.22232
       1 -> 484       -0.15326
 
 Excited State  46:      Singlet-A    1547.5924 eV    0.80 nm  f=0.0000  <S**2>=0.000
       1 -> 441        0.63176
       1 -> 445        0.16073
 
 Excited State  47:      Singlet-A    1547.6633 eV    0.80 nm  f=0.0001  <S**2>=0.000
       1 -> 444       -0.13122
       1 -> 445       -0.18235
       1 -> 449        0.25393
       1 -> 452        0.11368
       1 -> 463       -0.18961
       1 -> 467        0.16099
       1 -> 469        0.15876
       1 -> 471        0.14711
       1 -> 479        0.21351
       1 -> 490       -0.13833
 
 Excited State  48:      Singlet-A    1547.7139 eV    0.80 nm  f=0.0001  <S**2>=0.000
       1 -> 443       -0.38149
       1 -> 444       -0.21860
       1 -> 447        0.45052
       1 -> 449       -0.13701
       1 -> 451        0.18895
 
 Excited State  49:      Singlet-A    1547.7477 eV    0.80 nm  f=0.0000  <S**2>=0.000
       1 -> 443       -0.13703
       1 -> 447        0.11738
       1 -> 448        0.49728
       1 -> 450        0.21893
       1 -> 451       -0.17625
       1 -> 452       -0.12663
       1 -> 453        0.12191
       1 -> 455       -0.11401
       1 -> 472        0.10961
 
 Excited State  50:      Singlet-A    1547.7920 eV    0.80 nm  f=0.0001  <S**2>=0.000
       1 -> 447       -0.13406
       1 -> 448        0.42554
       1 -> 450       -0.18879
       1 -> 451        0.23216
       1 -> 452        0.14575
       1 -> 453       -0.11959
       1 -> 472       -0.20108
       1 -> 479       -0.10601
       1 -> 494        0.10081
 
 Excited State  51:      Singlet-A    1547.8274 eV    0.80 nm  f=0.0001  <S**2>=0.000
       1 -> 444       -0.12544
       1 -> 445       -0.12401
       1 -> 448       -0.18459
       1 -> 449       -0.15201
       1 -> 450        0.15409
       1 -> 451       -0.13183
       1 -> 455       -0.16749
       1 -> 458        0.17285
       1 -> 461       -0.13629
       1 -> 463       -0.18389
       1 -> 468        0.11676
       1 -> 472       -0.17830
       1 -> 474       -0.10749
       1 -> 475        0.19674
       1 -> 480       -0.14050
       1 -> 494        0.10361
 
 Excited State  52:      Singlet-A    1547.8721 eV    0.80 nm  f=0.0001  <S**2>=0.000
       1 -> 447       -0.11050
       1 -> 452        0.10839
       1 -> 453       -0.18388
       1 -> 454       -0.15799
       1 -> 459        0.14276
       1 -> 460        0.14319
       1 -> 461       -0.13857
       1 -> 462        0.11263
       1 -> 463        0.13968
       1 -> 467       -0.13965
       1 -> 472        0.26966
       1 -> 475        0.15411
       1 -> 479        0.19115
       1 -> 490       -0.10167
 
 Excited State  53:      Singlet-A    1547.9787 eV    0.80 nm  f=0.0000  <S**2>=0.000
       1 -> 450       -0.13087
       1 -> 452        0.51817
       1 -> 453        0.33945
       1 -> 455       -0.11399
       1 -> 458        0.12517
 
 Excited State  54:      Singlet-A    1548.0159 eV    0.80 nm  f=0.0001  <S**2>=0.000
       1 -> 446        0.12778
       1 -> 449        0.24381
       1 -> 450       -0.14923
       1 -> 451        0.11067
       1 -> 452       -0.16567
       1 -> 453       -0.21906
       1 -> 454        0.22048
       1 -> 455       -0.18367
       1 -> 456        0.11701
       1 -> 458        0.15233
       1 -> 467       -0.12734
       1 -> 484        0.12387
       1 -> 485        0.10297
       1 -> 512       -0.12107
 
 Excited State  55:      Singlet-A    1548.1545 eV    0.80 nm  f=0.0001  <S**2>=0.000
       1 -> 451        0.10067
       1 -> 454        0.43755
       1 -> 458       -0.34813
       1 -> 461       -0.10534
       1 -> 462        0.10797
       1 -> 469       -0.10726
       1 -> 476       -0.14809
 
 Excited State  56:      Singlet-A    1548.2433 eV    0.80 nm  f=0.0000  <S**2>=0.000
       1 -> 453        0.10751
       1 -> 454        0.24523
       1 -> 455        0.51934
       1 -> 456        0.10415
       1 -> 460        0.19656
       1 -> 465        0.15601
       1 -> 475        0.12383
 
 Excited State  57:      Singlet-A    1548.2570 eV    0.80 nm  f=0.0001  <S**2>=0.000
       1 -> 451        0.10067
       1 -> 453        0.14816
       1 -> 456        0.12627
       1 -> 457        0.25922
       1 -> 458        0.11970
       1 -> 459        0.34431
       1 -> 461       -0.12148
       1 -> 462        0.23809
       1 -> 463       -0.19285
       1 -> 469       -0.15632
       1 -> 475       -0.14667
 
 Excited State  58:      Singlet-A    1548.2903 eV    0.80 nm  f=0.0000  <S**2>=0.000
       1 -> 454        0.12195
       1 -> 456        0.24912
       1 -> 457       -0.14788
       1 -> 458        0.15000
       1 -> 459       -0.16292
       1 -> 460        0.12795
       1 -> 461        0.19308
       1 -> 462        0.36045
       1 -> 463        0.25438
       1 -> 466        0.12032
       1 -> 468       -0.11093
 
 Excited State  59:      Singlet-A    1548.3185 eV    0.80 nm  f=0.0001  <S**2>=0.000
       1 -> 450        0.10579
       1 -> 453        0.13735
       1 -> 455       -0.21562
       1 -> 460        0.21558
       1 -> 461       -0.19087
       1 -> 462       -0.22302
       1 -> 463        0.24906
       1 -> 465       -0.10521
       1 -> 472       -0.10082
       1 -> 479        0.11903
       1 -> 484        0.10540
       1 -> 490       -0.10913
       1 -> 500        0.11829
       1 -> 504        0.11173
 
 Excited State  60:      Singlet-A    1548.3487 eV    0.80 nm  f=0.0000  <S**2>=0.000
       1 -> 456        0.40260
       1 -> 457       -0.29237
       1 -> 458       -0.13113
       1 -> 459       -0.14602
       1 -> 461       -0.11232
       1 -> 463       -0.18076
       1 -> 468        0.10101
       1 -> 469       -0.21175
       1 -> 471       -0.11136
       1 -> 472        0.14880
       1 -> 475       -0.12116
 
 Excited State  61:      Singlet-A    1548.3605 eV    0.80 nm  f=0.0001  <S**2>=0.000
       1 -> 456        0.40859
       1 -> 457        0.24688
       1 -> 458       -0.26172
       1 -> 459        0.11479
       1 -> 461        0.11378
       1 -> 465        0.13678
       1 -> 469        0.15330
       1 -> 475        0.17348
 
 Excited State  62:      Singlet-A    1548.3962 eV    0.80 nm  f=0.0000  <S**2>=0.000
       1 -> 455        0.10805
       1 -> 457        0.45620
       1 -> 459       -0.41066
       1 -> 465       -0.19462
 
 Excited State  63:      Singlet-A    1548.4124 eV    0.80 nm  f=0.0000  <S**2>=0.000
       1 -> 454       -0.15395
       1 -> 455       -0.12492
       1 -> 456       -0.13667
       1 -> 457        0.17844
       1 -> 459       -0.20277
       1 -> 460        0.38584
       1 -> 464        0.12165
       1 -> 465        0.29838
       1 -> 469       -0.19647
 
 Excited State  64:      Singlet-A    1548.4853 eV    0.80 nm  f=0.0000  <S**2>=0.000
       1 -> 458       -0.18130
       1 -> 460        0.13422
       1 -> 461        0.20785
       1 -> 464       -0.21968
       1 -> 466        0.34578
       1 -> 468        0.32591
       1 -> 469        0.13117
       1 -> 471       -0.16534
 
 Excited State  65:      Singlet-A    1548.5150 eV    0.80 nm  f=0.0001  <S**2>=0.000
       1 -> 466        0.29376
       1 -> 467       -0.10240
       1 -> 469       -0.27347
       1 -> 470       -0.13827
       1 -> 471        0.38509
       1 -> 474       -0.26468
       1 -> 476       -0.10442
 
 Excited State  66:      Singlet-A    1548.5338 eV    0.80 nm  f=0.0002  <S**2>=0.000
       1 -> 458        0.13053
       1 -> 460        0.11176
       1 -> 462       -0.27481
       1 -> 464        0.26742
       1 -> 466        0.34695
       1 -> 468       -0.10654
       1 -> 469        0.10842
       1 -> 474        0.17414
       1 -> 475       -0.11799
       1 -> 480        0.11687
 
 Excited State  67:      Singlet-A    1548.5568 eV    0.80 nm  f=0.0001  <S**2>=0.000
       1 -> 459        0.14117
       1 -> 460        0.13942
       1 -> 461        0.28937
       1 -> 462       -0.17008
       1 -> 466       -0.24873
       1 -> 467        0.29414
       1 -> 469       -0.18023
       1 -> 484        0.10057
       1 -> 492       -0.18267
       1 -> 494        0.10637
 
 Excited State  68:      Singlet-A    1548.5862 eV    0.80 nm  f=0.0000  <S**2>=0.000
       1 -> 458       -0.11930
       1 -> 461        0.13861
       1 -> 462       -0.11428
       1 -> 464        0.24633
       1 -> 466       -0.14109
       1 -> 467       -0.20570
       1 -> 468        0.29938
       1 -> 472       -0.28193
       1 -> 474        0.14143
       1 -> 475       -0.11312
       1 -> 476        0.11918
       1 -> 490       -0.15556
 
 Excited State  69:      Singlet-A    1548.6127 eV    0.80 nm  f=0.0001  <S**2>=0.000
       1 -> 460        0.10934
       1 -> 461       -0.17112
       1 -> 464       -0.15896
       1 -> 466       -0.14687
       1 -> 468        0.21377
       1 -> 469        0.24189
       1 -> 470       -0.19168
       1 -> 471        0.35491
       1 -> 474        0.18894
       1 -> 480        0.10895
       1 -> 490        0.11614
 
 Excited State  70:      Singlet-A    1548.6246 eV    0.80 nm  f=0.0000  <S**2>=0.000
       1 -> 458       -0.16176
       1 -> 464        0.36247
       1 -> 465       -0.31468
       1 -> 467        0.21216
       1 -> 472        0.12355
       1 -> 474       -0.23191
       1 -> 476        0.14467
 
 Excited State  71:      Singlet-A    1548.6464 eV    0.80 nm  f=0.0000  <S**2>=0.000
       1 -> 460        0.31690
       1 -> 461        0.22065
       1 -> 463       -0.30731
       1 -> 464       -0.11799
       1 -> 465       -0.19474
       1 -> 467       -0.28964
       1 -> 468       -0.23219
       1 -> 469        0.10131
       1 -> 470       -0.10373
 
 Excited State  72:      Singlet-A    1548.6719 eV    0.80 nm  f=0.0000  <S**2>=0.000
       1 -> 461        0.13753
       1 -> 465       -0.16341
       1 -> 470        0.46108
       1 -> 471        0.20927
       1 -> 474        0.16970
       1 -> 476       -0.25529
       1 -> 478       -0.11023
 
 Excited State  73:      Singlet-A    1548.7278 eV    0.80 nm  f=0.0001  <S**2>=0.000
       1 -> 465        0.16662
       1 -> 467       -0.23477
       1 -> 470        0.35234
       1 -> 471        0.13864
       1 -> 474       -0.13511
       1 -> 476        0.35782
 
 Excited State  74:      Singlet-A    1548.8146 eV    0.80 nm  f=0.0004  <S**2>=0.000
       1 -> 458        0.10875
       1 -> 461        0.10237
       1 -> 465        0.12467
       1 -> 468        0.12938
       1 -> 469        0.13096
       1 -> 474       -0.25487
       1 -> 475        0.14863
       1 -> 476       -0.16939
       1 -> 480        0.25771
       1 -> 481        0.17023
       1 -> 485       -0.16428
       1 -> 487       -0.14696
       1 -> 500        0.11636
 
 Excited State  75:      Singlet-A    1548.8535 eV    0.80 nm  f=0.0004  <S**2>=0.000
       1 -> 470       -0.10839
       1 -> 472        0.12583
       1 -> 474        0.20404
       1 -> 475        0.33440
       1 -> 477       -0.10168
       1 -> 478       -0.15504
       1 -> 479       -0.18836
       1 -> 482        0.11165
       1 -> 490       -0.12500
       1 -> 492       -0.10529
       1 -> 500        0.14251
       1 -> 502       -0.10379
       1 -> 514        0.11369
       1 -> 519       -0.12682
 
 Excited State  76:      Singlet-A    1548.8913 eV    0.80 nm  f=0.0004  <S**2>=0.000
       1 -> 465        0.12124
       1 -> 471        0.10445
       1 -> 474        0.12453
       1 -> 479        0.31179
       1 -> 488        0.10060
       1 -> 497        0.18339
       1 -> 499        0.24198
       1 -> 502        0.14021
       1 -> 504       -0.17246
       1 -> 505       -0.15041
       1 -> 507        0.11040
       1 -> 517        0.11155
 
 Excited State  77:      Singlet-A    1548.9741 eV    0.80 nm  f=0.0002  <S**2>=0.000
       1 -> 472        0.16912
       1 -> 473        0.32629
       1 -> 477        0.15151
       1 -> 478        0.42424
       1 -> 479       -0.16216
       1 -> 480       -0.13546
       1 -> 490       -0.11854
 
 Excited State  78:      Singlet-A    1548.9777 eV    0.80 nm  f=0.0001  <S**2>=0.000
       1 -> 472        0.13568
       1 -> 473        0.57804
       1 -> 478       -0.25230
 
 Excited State  79:      Singlet-A    1549.0279 eV    0.80 nm  f=0.0001  <S**2>=0.000
       1 -> 472       -0.10004
       1 -> 478       -0.13070
       1 -> 479       -0.11595
       1 -> 482       -0.11653
       1 -> 484       -0.16144
       1 -> 485        0.28759
       1 -> 490       -0.16399
       1 -> 493        0.20976
       1 -> 494       -0.21853
       1 -> 504        0.10154
       1 -> 514       -0.19811
       1 -> 516        0.16240
 
 Excited State  80:      Singlet-A    1549.0654 eV    0.80 nm  f=0.0003  <S**2>=0.000
       1 -> 474        0.10006
       1 -> 480       -0.18990
       1 -> 484        0.12875
       1 -> 485       -0.11388
       1 -> 487        0.21444
       1 -> 490        0.21652
       1 -> 492        0.27175
       1 -> 494        0.15075
       1 -> 499        0.13660
       1 -> 500        0.18622
       1 -> 514       -0.12646
       1 -> 516        0.12748
 
 Excited State  81:      Singlet-A    1549.1546 eV    0.80 nm  f=0.0000  <S**2>=0.000
       1 -> 479       -0.29119
       1 -> 480        0.33773
       1 -> 483       -0.11442
       1 -> 487        0.30711
       1 -> 488        0.14222
       1 -> 490       -0.15859
       1 -> 492        0.18454
       1 -> 500       -0.10105
       1 -> 502        0.17013
 
 Excited State  82:      Singlet-A    1549.1595 eV    0.80 nm  f=0.0002  <S**2>=0.000
       1 -> 477       -0.22748
       1 -> 482       -0.18007
       1 -> 483        0.11638
       1 -> 484       -0.20908
       1 -> 487        0.13637
       1 -> 494        0.36729
       1 -> 499       -0.21739
 
 Excited State  83:      Singlet-A    1549.1994 eV    0.80 nm  f=0.0000  <S**2>=0.000
       1 -> 476        0.22943
       1 -> 477        0.58577
       1 -> 478       -0.15587
       1 -> 483        0.11723
       1 -> 494        0.10190
 
 Excited State  84:      Singlet-A    1549.2084 eV    0.80 nm  f=0.0002  <S**2>=0.000
       1 -> 478       -0.15673
       1 -> 481       -0.31671
       1 -> 483        0.34881
       1 -> 487        0.12486
       1 -> 488       -0.11850
       1 -> 490       -0.13416
       1 -> 493       -0.26312
       1 -> 504       -0.14554
       1 -> 517        0.10793
 
 Excited State  85:      Singlet-A    1549.2195 eV    0.80 nm  f=0.0001  <S**2>=0.000
       1 -> 477       -0.11086
       1 -> 478        0.11565
       1 -> 481        0.17149
       1 -> 483        0.52940
       1 -> 484        0.17489
       1 -> 492        0.11278
       1 -> 493        0.17381
       1 -> 500       -0.10419
       1 -> 517       -0.10498
 
 Excited State  86:      Singlet-A    1549.2934 eV    0.80 nm  f=0.0001  <S**2>=0.000
       1 -> 478        0.14910
       1 -> 480        0.14834
       1 -> 481       -0.16327
       1 -> 484       -0.19212
       1 -> 485       -0.19830
       1 -> 488        0.22957
       1 -> 490        0.11225
       1 -> 492       -0.10500
       1 -> 493       -0.17488
       1 -> 497        0.19278
       1 -> 499        0.14771
       1 -> 504        0.15052
       1 -> 514       -0.19739
 
 Excited State  87:      Singlet-A    1549.3308 eV    0.80 nm  f=0.0001  <S**2>=0.000
       1 -> 480       -0.13825
       1 -> 481        0.43682
       1 -> 482       -0.25710
       1 -> 492       -0.13002
       1 -> 493       -0.33905
       1 -> 494       -0.10430
 
 Excited State  88:      Singlet-A    1549.4285 eV    0.80 nm  f=0.0005  <S**2>=0.000
       1 -> 480       -0.20888
       1 -> 481        0.12752
       1 -> 482        0.28085
       1 -> 484       -0.19755
       1 -> 488        0.34779
       1 -> 494        0.12035
       1 -> 512       -0.12820
       1 -> 519        0.11891
       1 -> 529       -0.12975
       1 -> 557        0.10744
 
 Excited State  89:      Singlet-A    1549.5203 eV    0.80 nm  f=0.0003  <S**2>=0.000
       1 -> 481        0.15816
       1 -> 482        0.34993
       1 -> 483        0.10480
       1 -> 484       -0.19185
       1 -> 487        0.10756
       1 -> 488       -0.24054
       1 -> 489        0.10914
       1 -> 494       -0.10638
       1 -> 499       -0.10089
       1 -> 504       -0.20205
       1 -> 514       -0.11824
       1 -> 518       -0.10451
       1 -> 519       -0.13475
       1 -> 557       -0.11037
 
 Excited State  90:      Singlet-A    1549.5215 eV    0.80 nm  f=0.0004  <S**2>=0.000
       1 -> 485        0.15300
       1 -> 488        0.10183
       1 -> 489        0.43599
       1 -> 490        0.20881
       1 -> 499       -0.10965
       1 -> 506        0.18518
       1 -> 507        0.11076
       1 -> 508        0.15183
       1 -> 512        0.11036
 
 Excited State  91:      Singlet-A    1549.5450 eV    0.80 nm  f=0.0003  <S**2>=0.000
       1 -> 485       -0.12774
       1 -> 489        0.50177
       1 -> 490       -0.20412
       1 -> 493        0.10984
       1 -> 494        0.15141
       1 -> 499        0.10242
       1 -> 506       -0.11603
       1 -> 508       -0.10877
       1 -> 518        0.11319
 
 Excited State  92:      Singlet-A    1549.5839 eV    0.80 nm  f=0.0001  <S**2>=0.000
       1 -> 482        0.18530
       1 -> 485        0.12044
       1 -> 487        0.28887
       1 -> 488       -0.14737
       1 -> 489       -0.11662
       1 -> 492       -0.29703
       1 -> 499        0.20241
       1 -> 504        0.29796
 
 Excited State  93:      Singlet-A    1549.6121 eV    0.80 nm  f=0.0001  <S**2>=0.000
       1 -> 485        0.25910
       1 -> 487       -0.24227
       1 -> 488       -0.24470
       1 -> 490       -0.11620
       1 -> 492        0.23951
       1 -> 493       -0.21990
       1 -> 494        0.20997
       1 -> 497        0.15963
       1 -> 499        0.12791
       1 -> 502        0.17414
       1 -> 504        0.15534
 
 Excited State  94:      Singlet-A    1549.6762 eV    0.80 nm  f=0.0000  <S**2>=0.000
       1 -> 486        0.68085
       1 -> 487       -0.15085
 
 Excited State  95:      Singlet-A    1549.7305 eV    0.80 nm  f=0.0002  <S**2>=0.000
       1 -> 493        0.10019
       1 -> 497        0.30901
       1 -> 499       -0.20387
       1 -> 500        0.13301
       1 -> 503        0.20201
       1 -> 504        0.14877
       1 -> 506        0.25060
       1 -> 507       -0.23077
       1 -> 512       -0.12228
 
 Excited State  96:      Singlet-A    1549.7737 eV    0.80 nm  f=0.0000  <S**2>=0.000
       1 -> 491        0.70190
 
 Excited State  97:      Singlet-A    1549.7789 eV    0.80 nm  f=0.0000  <S**2>=0.000
       1 -> 488       -0.17491
       1 -> 492       -0.11750
       1 -> 493        0.16784
       1 -> 494        0.11424
       1 -> 497        0.35043
       1 -> 498       -0.10697
       1 -> 499       -0.10482
       1 -> 500        0.11571
       1 -> 504       -0.17843
       1 -> 505        0.13323
       1 -> 507        0.12933
       1 -> 520       -0.11017
       1 -> 548        0.14102
 
 Excited State  98:      Singlet-A    1549.8769 eV    0.80 nm  f=0.0001  <S**2>=0.000
       1 -> 490       -0.11884
       1 -> 493       -0.10536
       1 -> 502       -0.18064
       1 -> 503        0.33082
       1 -> 505       -0.23001
       1 -> 507        0.23571
       1 -> 508        0.16146
       1 -> 512        0.10635
       1 -> 516       -0.10630
       1 -> 517       -0.18289
       1 -> 548        0.15300
 
 Excited State  99:      Singlet-A    1549.9209 eV    0.80 nm  f=0.0000  <S**2>=0.000
       1 -> 495        0.67958
 
 Excited State 100:      Singlet-A    1549.9820 eV    0.80 nm  f=0.0003  <S**2>=0.000
       1 -> 495        0.12997
       1 -> 499       -0.18716
       1 -> 500       -0.10849
       1 -> 502        0.10312
       1 -> 503       -0.20022
       1 -> 504        0.10526
       1 -> 505       -0.15017
       1 -> 506       -0.15900
       1 -> 507        0.23129
       1 -> 512       -0.10049
       1 -> 514        0.21658
       1 -> 516       -0.12506
       1 -> 525       -0.10706
       1 -> 530       -0.10833
       1 -> 531       -0.15910
       1 -> 546        0.12158
